This is pdfTeX, Version 3.14159265-2.6-1.40.19 (MiKTeX 2.9.6800) (preloaded format=pdflatex 2018.7.26)  29 AUG 2018 15:30
entering extended mode
**./Rapport_Stage_ENS.tex
(Rapport_Stage_ENS.tex
LaTeX2e <2018-04-01> patch level 5
(/home/enzo/.miktex/texmfs/install/tex/latex/base/report.cls
Document Class: report 2014/09/29 v1.4h Standard LaTeX document class
(/home/enzo/.miktex/texmfs/install/tex/latex/base/size12.clo
File: size12.clo 2014/09/29 v1.4h Standard LaTeX file (size option)
)
\c@part=\count80
\c@chapter=\count81
\c@section=\count82
\c@subsection=\count83
\c@subsubsection=\count84
\c@paragraph=\count85
\c@subparagraph=\count86
\c@figure=\count87
\c@table=\count88
\abovecaptionskip=\skip41
\belowcaptionskip=\skip42
\bibindent=\dimen102
)
(PackagesDefinitions.tex
(/home/enzo/.miktex/texmfs/install/tex/latex/base/inputenc.sty
Package: inputenc 2018/04/06 v1.3b Input encoding file
\inpenc@prehook=\toks14
\inpenc@posthook=\toks15
)
(/home/enzo/.miktex/texmfs/install/tex/generic/babel/babel.sty
Package: babel 2018/06/05 3.22 The Babel package

(/home/enzo/.miktex/texmfs/install/tex/generic/babel/switch.def
File: switch.def 2018/06/05 3.22 Babel switching mechanism
)
*************************************
* Local config file bblopts.cfg used
*
(/home/enzo/.miktex/texmfs/install/tex/latex/arabi/bblopts.cfg
File: bblopts.cfg 2005/09/08 v0.1 add Arabic and Farsi to "declared" options of
 babel
)
(/home/enzo/.miktex/texmfs/install/tex/generic/babel-french/french.ldf
Language: french 2018/07/17 v3.5b French support from the babel system

(/home/enzo/.miktex/texmfs/install/tex/generic/babel/babel.def
File: babel.def 2018/06/05 3.22 Babel common definitions
\babel@savecnt=\count89
\U@D=\dimen103

(/home/enzo/.miktex/texmfs/install/tex/generic/babel/txtbabel.def)
\bbl@dirlevel=\count90
)
\l@french = a dialect from \language\l@nohyphenation 


Package babel Warning: No hyphenation patterns were preloaded for
(babel)                the language `French' into the format.
(babel)                Please, configure your TeX system to add them and
(babel)                rebuild the format. Now I will use the patterns
(babel)                preloaded for \language=nohyphenation instead on input l
ine 87.

\l@acadian = a dialect from \language\l@french 
\FB@nonchar=\count91
Package babel Info: Making : an active character on input line 415.
Package babel Info: Making ; an active character on input line 416.
Package babel Info: Making ! an active character on input line 417.
Package babel Info: Making ? an active character on input line 418.
\FBguill@level=\count92
\FBold@everypar=\toks16
\FB@Mht=\dimen104
\mc@charclass=\count93
\mc@charfam=\count94
\mc@charslot=\count95
\std@mcc=\count96
\dec@mcc=\count97
\c@FBcaption@count=\count98
\listindentFB=\dimen105
\descindentFB=\dimen106
\labelindentFB=\dimen107
\labelwidthFB=\dimen108
\leftmarginFB=\dimen109
\parindentFFN=\dimen110
\FBfnindent=\dimen111
)) (/home/enzo/.miktex/texmfs/install/tex/latex/carlisle/scalefnt.sty)
(/home/enzo/.miktex/texmfs/install/tex/latex/graphics/keyval.sty
Package: keyval 2014/10/28 v1.15 key=value parser (DPC)
\KV@toks@=\toks17
)
(/home/enzo/.miktex/texmfs/install/tex/latex/graphics/graphicx.sty
Package: graphicx 2017/06/01 v1.1a Enhanced LaTeX Graphics (DPC,SPQR)

(/home/enzo/.miktex/texmfs/install/tex/latex/graphics/graphics.sty
Package: graphics 2017/06/25 v1.2c Standard LaTeX Graphics (DPC,SPQR)

(/home/enzo/.miktex/texmfs/install/tex/latex/graphics/trig.sty
Package: trig 2016/01/03 v1.10 sin cos tan (DPC)
)
(/home/enzo/.miktex/texmfs/install/tex/latex/graphics-cfg/graphics.cfg
File: graphics.cfg 2016/06/04 v1.11 sample graphics configuration
)
Package graphics Info: Driver file: pdftex.def on input line 99.

(/home/enzo/.miktex/texmfs/install/tex/latex/graphics-def/pdftex.def
File: pdftex.def 2018/01/08 v1.0l Graphics/color driver for pdftex
))
\Gin@req@height=\dimen112
\Gin@req@width=\dimen113
)
(/home/enzo/.miktex/texmfs/install/tex/latex/base/fontenc.sty
Package: fontenc 2017/04/05 v2.0i Standard LaTeX package

(/home/enzo/.miktex/texmfs/install/tex/latex/base/t1enc.def
File: t1enc.def 2017/04/05 v2.0i Standard LaTeX file
LaTeX Font Info:    Redeclaring font encoding T1 on input line 48.
))
(/home/enzo/.miktex/texmfs/install/tex/latex/amsmath/amsmath.sty
Package: amsmath 2017/09/02 v2.17a AMS math features
\@mathmargin=\skip43

For additional information on amsmath, use the `?' option.
(/home/enzo/.miktex/texmfs/install/tex/latex/amsmath/amstext.sty
Package: amstext 2000/06/29 v2.01 AMS text

(/home/enzo/.miktex/texmfs/install/tex/latex/amsmath/amsgen.sty
File: amsgen.sty 1999/11/30 v2.0 generic functions
\@emptytoks=\toks18
\ex@=\dimen114
))
(/home/enzo/.miktex/texmfs/install/tex/latex/amsmath/amsbsy.sty
Package: amsbsy 1999/11/29 v1.2d Bold Symbols
\pmbraise@=\dimen115
)
(/home/enzo/.miktex/texmfs/install/tex/latex/amsmath/amsopn.sty
Package: amsopn 2016/03/08 v2.02 operator names
)
\inf@bad=\count99
LaTeX Info: Redefining \frac on input line 213.
\uproot@=\count100
\leftroot@=\count101
LaTeX Info: Redefining \overline on input line 375.
\classnum@=\count102
\DOTSCASE@=\count103
LaTeX Info: Redefining \ldots on input line 472.
LaTeX Info: Redefining \dots on input line 475.
LaTeX Info: Redefining \cdots on input line 596.
\Mathstrutbox@=\box26
\strutbox@=\box27
\big@size=\dimen116
LaTeX Font Info:    Redeclaring font encoding OML on input line 712.
LaTeX Font Info:    Redeclaring font encoding OMS on input line 713.
\macc@depth=\count104
\c@MaxMatrixCols=\count105
\dotsspace@=\muskip10
\c@parentequation=\count106
\dspbrk@lvl=\count107
\tag@help=\toks19
\row@=\count108
\column@=\count109
\maxfields@=\count110
\andhelp@=\toks20
\eqnshift@=\dimen117
\alignsep@=\dimen118
\tagshift@=\dimen119
\tagwidth@=\dimen120
\totwidth@=\dimen121
\lineht@=\dimen122
\@envbody=\toks21
\multlinegap=\skip44
\multlinetaggap=\skip45
\mathdisplay@stack=\toks22
LaTeX Info: Redefining \[ on input line 2817.
LaTeX Info: Redefining \] on input line 2818.
)
(/home/enzo/.miktex/texmfs/install/tex/latex/amsfonts/amssymb.sty
Package: amssymb 2013/01/14 v3.01 AMS font symbols

(/home/enzo/.miktex/texmfs/install/tex/latex/amsfonts/amsfonts.sty
Package: amsfonts 2013/01/14 v3.01 Basic AMSFonts support
\symAMSa=\mathgroup4
\symAMSb=\mathgroup5
LaTeX Font Info:    Overwriting math alphabet `\mathfrak' in version `bold'
(Font)                  U/euf/m/n --> U/euf/b/n on input line 106.
))
(/home/enzo/.miktex/texmfs/install/tex/latex/geometry/geometry.sty
Package: geometry 2018/04/16 v5.8 Page Geometry

(/home/enzo/.miktex/texmfs/install/tex/generic/oberdiek/ifpdf.sty
Package: ifpdf 2017/03/15 v3.2 Provides the ifpdf switch
)
(/home/enzo/.miktex/texmfs/install/tex/generic/oberdiek/ifvtex.sty
Package: ifvtex 2016/05/16 v1.6 Detect VTeX and its facilities (HO)
Package ifvtex Info: VTeX not detected.
)
(/home/enzo/.miktex/texmfs/install/tex/generic/ifxetex/ifxetex.sty
Package: ifxetex 2010/09/12 v0.6 Provides ifxetex conditional
)
\Gm@cnth=\count111
\Gm@cntv=\count112
\c@Gm@tempcnt=\count113
\Gm@bindingoffset=\dimen123
\Gm@wd@mp=\dimen124
\Gm@odd@mp=\dimen125
\Gm@even@mp=\dimen126
\Gm@layoutwidth=\dimen127
\Gm@layoutheight=\dimen128
\Gm@layouthoffset=\dimen129
\Gm@layoutvoffset=\dimen130
\Gm@dimlist=\toks23

(/home/enzo/.miktex/texmfs/install/tex/latex/geometry/geometry.cfg))
(/home/enzo/.miktex/texmfs/install/tex/latex/cases/cases.sty
Package: cases 2002/05/02 ver 2.5 
)
(/home/enzo/.miktex/texmfs/install/tex/latex/hyperref/hyperref.sty
Package: hyperref 2018/02/06 v6.86b Hypertext links for LaTeX

(/home/enzo/.miktex/texmfs/install/tex/generic/oberdiek/hobsub-hyperref.sty
Package: hobsub-hyperref 2016/05/16 v1.14 Bundle oberdiek, subset hyperref (HO)


(/home/enzo/.miktex/texmfs/install/tex/generic/oberdiek/hobsub-generic.sty
Package: hobsub-generic 2016/05/16 v1.14 Bundle oberdiek, subset generic (HO)
Package: hobsub 2016/05/16 v1.14 Construct package bundles (HO)
Package: infwarerr 2016/05/16 v1.4 Providing info/warning/error messages (HO)
Package: ltxcmds 2016/05/16 v1.23 LaTeX kernel commands for general use (HO)
Package: ifluatex 2016/05/16 v1.4 Provides the ifluatex switch (HO)
Package ifluatex Info: LuaTeX not detected.
Package hobsub Info: Skipping package `ifvtex' (already loaded).
Package: intcalc 2016/05/16 v1.2 Expandable calculations with integers (HO)
Package hobsub Info: Skipping package `ifpdf' (already loaded).
Package: etexcmds 2016/05/16 v1.6 Avoid name clashes with e-TeX commands (HO)
Package etexcmds Info: Could not find \expanded.
(etexcmds)             That can mean that you are not using pdfTeX 1.50 or
(etexcmds)             that some package has redefined \expanded.
(etexcmds)             In the latter case, load this package earlier.
Package: kvsetkeys 2016/05/16 v1.17 Key value parser (HO)
Package: kvdefinekeys 2016/05/16 v1.4 Define keys (HO)
Package: pdftexcmds 2018/01/30 v0.27 Utility functions of pdfTeX for LuaTeX (HO
)
Package pdftexcmds Info: LuaTeX not detected.
Package pdftexcmds Info: \pdf@primitive is available.
Package pdftexcmds Info: \pdf@ifprimitive is available.
Package pdftexcmds Info: \pdfdraftmode found.
Package: pdfescape 2016/05/16 v1.14 Implements pdfTeX's escape features (HO)
Package: bigintcalc 2016/05/16 v1.4 Expandable calculations on big integers (HO
)
Package: bitset 2016/05/16 v1.2 Handle bit-vector datatype (HO)
Package: uniquecounter 2016/05/16 v1.3 Provide unlimited unique counter (HO)
)
Package hobsub Info: Skipping package `hobsub' (already loaded).
Package: letltxmacro 2016/05/16 v1.5 Let assignment for LaTeX macros (HO)
Package: hopatch 2016/05/16 v1.3 Wrapper for package hooks (HO)
Package: xcolor-patch 2016/05/16 xcolor patch
Package: atveryend 2016/05/16 v1.9 Hooks at the very end of document (HO)
Package atveryend Info: \enddocument detected (standard20110627).
Package: atbegshi 2016/06/09 v1.18 At begin shipout hook (HO)
Package: refcount 2016/05/16 v3.5 Data extraction from label references (HO)
Package: hycolor 2016/05/16 v1.8 Color options for hyperref/bookmark (HO)
)
(/home/enzo/.miktex/texmfs/install/tex/latex/oberdiek/auxhook.sty
Package: auxhook 2016/05/16 v1.4 Hooks for auxiliary files (HO)
)
(/home/enzo/.miktex/texmfs/install/tex/latex/oberdiek/kvoptions.sty
Package: kvoptions 2016/05/16 v3.12 Key value format for package options (HO)
)
\@linkdim=\dimen131
\Hy@linkcounter=\count114
\Hy@pagecounter=\count115

(/home/enzo/.miktex/texmfs/install/tex/latex/hyperref/pd1enc.def
File: pd1enc.def 2018/02/06 v6.86b Hyperref: PDFDocEncoding definition (HO)
Now handling font encoding PD1 ...
... no UTF-8 mapping file for font encoding PD1
)
\Hy@SavedSpaceFactor=\count116

(/home/enzo/.miktex/texmfs/install/tex/latex/00miktex/hyperref.cfg
File: hyperref.cfg 2002/06/06 v1.2 hyperref configuration of TeXLive
)
Package hyperref Info: Hyper figures OFF on input line 4509.
Package hyperref Info: Link nesting OFF on input line 4514.
Package hyperref Info: Hyper index ON on input line 4517.
Package hyperref Info: Plain pages OFF on input line 4524.
Package hyperref Info: Backreferencing OFF on input line 4529.
Package hyperref Info: Implicit mode ON; LaTeX internals redefined.
Package hyperref Info: Bookmarks ON on input line 4762.
\c@Hy@tempcnt=\count117

(/home/enzo/.miktex/texmfs/install/tex/latex/url/url.sty
\Urlmuskip=\muskip11
Package: url 2013/09/16  ver 3.4  Verb mode for urls, etc.
)
LaTeX Info: Redefining \url on input line 5115.
\XeTeXLinkMargin=\dimen132
\Fld@menulength=\count118
\Field@Width=\dimen133
\Fld@charsize=\dimen134
Package hyperref Info: Hyper figures OFF on input line 6369.
Package hyperref Info: Link nesting OFF on input line 6374.
Package hyperref Info: Hyper index ON on input line 6377.
Package hyperref Info: backreferencing OFF on input line 6384.
Package hyperref Info: Link coloring OFF on input line 6389.
Package hyperref Info: Link coloring with OCG OFF on input line 6394.
Package hyperref Info: PDF/A mode OFF on input line 6399.
LaTeX Info: Redefining \ref on input line 6439.
LaTeX Info: Redefining \pageref on input line 6443.
\Hy@abspage=\count119
\c@Item=\count120
\c@Hfootnote=\count121
)
Package hyperref Info: Driver (autodetected): hpdftex.

(/home/enzo/.miktex/texmfs/install/tex/latex/hyperref/hpdftex.def
File: hpdftex.def 2018/02/06 v6.86b Hyperref driver for pdfTeX
\Fld@listcount=\count122
\c@bookmark@seq@number=\count123

(/home/enzo/.miktex/texmfs/install/tex/latex/oberdiek/rerunfilecheck.sty
Package: rerunfilecheck 2016/05/16 v1.8 Rerun checks for auxiliary files (HO)
Package uniquecounter Info: New unique counter `rerunfilecheck' on input line 2
82.
)
\Hy@SectionHShift=\skip46
)
(/home/enzo/.miktex/texmfs/install/tex/latex/xcolor/xcolor.sty
Package: xcolor 2016/05/11 v2.12 LaTeX color extensions (UK)

(/home/enzo/.miktex/texmfs/install/tex/latex/graphics-cfg/color.cfg
File: color.cfg 2016/01/02 v1.6 sample color configuration
)
Package xcolor Info: Driver file: pdftex.def on input line 225.
Package xcolor Info: Model `cmy' substituted by `cmy0' on input line 1348.
Package xcolor Info: Model `hsb' substituted by `rgb' on input line 1352.
Package xcolor Info: Model `RGB' extended on input line 1364.
Package xcolor Info: Model `HTML' substituted by `rgb' on input line 1366.
Package xcolor Info: Model `Hsb' substituted by `hsb' on input line 1367.
Package xcolor Info: Model `tHsb' substituted by `hsb' on input line 1368.
Package xcolor Info: Model `HSB' substituted by `hsb' on input line 1369.
Package xcolor Info: Model `Gray' substituted by `gray' on input line 1370.
Package xcolor Info: Model `wave' substituted by `hsb' on input line 1371.

(/home/enzo/.miktex/texmfs/install/tex/latex/xcolor/svgnam.def
File: svgnam.def 2016/05/11 v2.12 Predefined colors according to SVG 1.1 (UK)
))
(/home/enzo/.miktex/texmfs/install/tex/latex/caption/subcaption.sty
Package: subcaption 2018/05/01 v1.1-162 Sub-captions (AR)

(/home/enzo/.miktex/texmfs/install/tex/latex/caption/caption.sty
Package: caption 2018/05/01 v3.3-147 Customizing captions (AR)

(/home/enzo/.miktex/texmfs/install/tex/latex/caption/caption3.sty
Package: caption3 2018/05/27 v1.8a caption3 kernel (AR)
Package caption3 Info: TeX engine: e-TeX on input line 64.
\captionmargin=\dimen135
\captionmargin@=\dimen136
\captionwidth=\dimen137
\caption@tempdima=\dimen138
\caption@indent=\dimen139
\caption@parindent=\dimen140
\caption@hangindent=\dimen141
)
\c@ContinuedFloat=\count124
Package caption Info: hyperref package is loaded.
)
\c@subfigure=\count125
\c@subtable=\count126
)
(/home/enzo/.miktex/texmfs/install/tex/latex/todonotes/todonotes.sty
Package: todonotes 2015/07/09 .dtx Todonotes source and documentation.
Package: todonotes 2012/07/25

(/home/enzo/.miktex/texmfs/install/tex/latex/base/ifthen.sty
Package: ifthen 2014/09/29 v1.1c Standard LaTeX ifthen package (DPC)
)
(/home/enzo/.miktex/texmfs/install/tex/latex/xkeyval/xkeyval.sty
Package: xkeyval 2014/12/03 v2.7a package option processing (HA)

(/home/enzo/.miktex/texmfs/install/tex/generic/xkeyval/xkeyval.tex
(/home/enzo/.miktex/texmfs/install/tex/generic/xkeyval/xkvutils.tex
\XKV@toks=\toks24
\XKV@tempa@toks=\toks25
)
\XKV@depth=\count127
File: xkeyval.tex 2014/12/03 v2.7a key=value parser (HA)
))
(/home/enzo/.miktex/texmfs/install/tex/latex/pgf/frontendlayer/tikz.sty
(/home/enzo/.miktex/texmfs/install/tex/latex/pgf/basiclayer/pgf.sty
(/home/enzo/.miktex/texmfs/install/tex/latex/pgf/utilities/pgfrcs.sty
(/home/enzo/.miktex/texmfs/install/tex/generic/pgf/utilities/pgfutil-common.tex
\pgfutil@everybye=\toks26
\pgfutil@tempdima=\dimen142
\pgfutil@tempdimb=\dimen143

(/home/enzo/.miktex/texmfs/install/tex/generic/pgf/utilities/pgfutil-common-lis
ts.tex))
(/home/enzo/.miktex/texmfs/install/tex/generic/pgf/utilities/pgfutil-latex.def
\pgfutil@abb=\box28

(/home/enzo/.miktex/texmfs/install/tex/latex/ms/everyshi.sty
Package: everyshi 2001/05/15 v3.00 EveryShipout Package (MS)
))
(/home/enzo/.miktex/texmfs/install/tex/generic/pgf/utilities/pgfrcs.code.tex
Package: pgfrcs 2015/08/07 v3.0.1a (rcs-revision 1.31)
))
Package: pgf 2015/08/07 v3.0.1a (rcs-revision 1.15)

(/home/enzo/.miktex/texmfs/install/tex/latex/pgf/basiclayer/pgfcore.sty
(/home/enzo/.miktex/texmfs/install/tex/latex/pgf/systemlayer/pgfsys.sty
(/home/enzo/.miktex/texmfs/install/tex/generic/pgf/systemlayer/pgfsys.code.tex
Package: pgfsys 2014/07/09 v3.0.1a (rcs-revision 1.48)

(/home/enzo/.miktex/texmfs/install/tex/generic/pgf/utilities/pgfkeys.code.tex
\pgfkeys@pathtoks=\toks27
\pgfkeys@temptoks=\toks28

(/home/enzo/.miktex/texmfs/install/tex/generic/pgf/utilities/pgfkeysfiltered.co
de.tex
\pgfkeys@tmptoks=\toks29
))
\pgf@x=\dimen144
\pgf@y=\dimen145
\pgf@xa=\dimen146
\pgf@ya=\dimen147
\pgf@xb=\dimen148
\pgf@yb=\dimen149
\pgf@xc=\dimen150
\pgf@yc=\dimen151
\w@pgf@writea=\write3
\r@pgf@reada=\read1
\c@pgf@counta=\count128
\c@pgf@countb=\count129
\c@pgf@countc=\count130
\c@pgf@countd=\count131
\t@pgf@toka=\toks30
\t@pgf@tokb=\toks31
\t@pgf@tokc=\toks32
 (/home/enzo/.miktex/texmfs/install/tex/generic/pgf/systemlayer/pgf.cfg
File: pgf.cfg 2008/05/14  (rcs-revision 1.7)
)
Driver file for pgf: pgfsys-pdftex.def

(/home/enzo/.miktex/texmfs/install/tex/generic/pgf/systemlayer/pgfsys-pdftex.de
f
File: pgfsys-pdftex.def 2014/10/11  (rcs-revision 1.35)

(/home/enzo/.miktex/texmfs/install/tex/generic/pgf/systemlayer/pgfsys-common-pd
f.def
File: pgfsys-common-pdf.def 2013/10/10  (rcs-revision 1.13)
)))
(/home/enzo/.miktex/texmfs/install/tex/generic/pgf/systemlayer/pgfsyssoftpath.c
ode.tex
File: pgfsyssoftpath.code.tex 2013/09/09  (rcs-revision 1.9)
\pgfsyssoftpath@smallbuffer@items=\count132
\pgfsyssoftpath@bigbuffer@items=\count133
)
(/home/enzo/.miktex/texmfs/install/tex/generic/pgf/systemlayer/pgfsysprotocol.c
ode.tex
File: pgfsysprotocol.code.tex 2006/10/16  (rcs-revision 1.4)
))
(/home/enzo/.miktex/texmfs/install/tex/generic/pgf/basiclayer/pgfcore.code.tex
Package: pgfcore 2010/04/11 v3.0.1a (rcs-revision 1.7)

(/home/enzo/.miktex/texmfs/install/tex/generic/pgf/math/pgfmath.code.tex
(/home/enzo/.miktex/texmfs/install/tex/generic/pgf/math/pgfmathcalc.code.tex
(/home/enzo/.miktex/texmfs/install/tex/generic/pgf/math/pgfmathutil.code.tex)
(/home/enzo/.miktex/texmfs/install/tex/generic/pgf/math/pgfmathparser.code.tex
\pgfmath@dimen=\dimen152
\pgfmath@count=\count134
\pgfmath@box=\box29
\pgfmath@toks=\toks33
\pgfmath@stack@operand=\toks34
\pgfmath@stack@operation=\toks35
)
(/home/enzo/.miktex/texmfs/install/tex/generic/pgf/math/pgfmathfunctions.code.t
ex
(/home/enzo/.miktex/texmfs/install/tex/generic/pgf/math/pgfmathfunctions.basic.
code.tex)
(/home/enzo/.miktex/texmfs/install/tex/generic/pgf/math/pgfmathfunctions.trigon
ometric.code.tex)
(/home/enzo/.miktex/texmfs/install/tex/generic/pgf/math/pgfmathfunctions.random
.code.tex)
(/home/enzo/.miktex/texmfs/install/tex/generic/pgf/math/pgfmathfunctions.compar
ison.code.tex)
(/home/enzo/.miktex/texmfs/install/tex/generic/pgf/math/pgfmathfunctions.base.c
ode.tex)
(/home/enzo/.miktex/texmfs/install/tex/generic/pgf/math/pgfmathfunctions.round.
code.tex)
(/home/enzo/.miktex/texmfs/install/tex/generic/pgf/math/pgfmathfunctions.misc.c
ode.tex)
(/home/enzo/.miktex/texmfs/install/tex/generic/pgf/math/pgfmathfunctions.intege
rarithmetics.code.tex)))
(/home/enzo/.miktex/texmfs/install/tex/generic/pgf/math/pgfmathfloat.code.tex
\c@pgfmathroundto@lastzeros=\count135
))
(/home/enzo/.miktex/texmfs/install/tex/generic/pgf/basiclayer/pgfcorepoints.cod
e.tex
File: pgfcorepoints.code.tex 2013/10/07  (rcs-revision 1.27)
\pgf@picminx=\dimen153
\pgf@picmaxx=\dimen154
\pgf@picminy=\dimen155
\pgf@picmaxy=\dimen156
\pgf@pathminx=\dimen157
\pgf@pathmaxx=\dimen158
\pgf@pathminy=\dimen159
\pgf@pathmaxy=\dimen160
\pgf@xx=\dimen161
\pgf@xy=\dimen162
\pgf@yx=\dimen163
\pgf@yy=\dimen164
\pgf@zx=\dimen165
\pgf@zy=\dimen166
)
(/home/enzo/.miktex/texmfs/install/tex/generic/pgf/basiclayer/pgfcorepathconstr
uct.code.tex
File: pgfcorepathconstruct.code.tex 2013/10/07  (rcs-revision 1.29)
\pgf@path@lastx=\dimen167
\pgf@path@lasty=\dimen168
)
(/home/enzo/.miktex/texmfs/install/tex/generic/pgf/basiclayer/pgfcorepathusage.
code.tex
File: pgfcorepathusage.code.tex 2014/11/02  (rcs-revision 1.24)
\pgf@shorten@end@additional=\dimen169
\pgf@shorten@start@additional=\dimen170
)
(/home/enzo/.miktex/texmfs/install/tex/generic/pgf/basiclayer/pgfcorescopes.cod
e.tex
File: pgfcorescopes.code.tex 2015/05/08  (rcs-revision 1.46)
\pgfpic=\box30
\pgf@hbox=\box31
\pgf@layerbox@main=\box32
\pgf@picture@serial@count=\count136
)
(/home/enzo/.miktex/texmfs/install/tex/generic/pgf/basiclayer/pgfcoregraphicsta
te.code.tex
File: pgfcoregraphicstate.code.tex 2014/11/02  (rcs-revision 1.12)
\pgflinewidth=\dimen171
)
(/home/enzo/.miktex/texmfs/install/tex/generic/pgf/basiclayer/pgfcoretransforma
tions.code.tex
File: pgfcoretransformations.code.tex 2015/08/07  (rcs-revision 1.20)
\pgf@pt@x=\dimen172
\pgf@pt@y=\dimen173
\pgf@pt@temp=\dimen174
)
(/home/enzo/.miktex/texmfs/install/tex/generic/pgf/basiclayer/pgfcorequick.code
.tex
File: pgfcorequick.code.tex 2008/10/09  (rcs-revision 1.3)
)
(/home/enzo/.miktex/texmfs/install/tex/generic/pgf/basiclayer/pgfcoreobjects.co
de.tex
File: pgfcoreobjects.code.tex 2006/10/11  (rcs-revision 1.2)
)
(/home/enzo/.miktex/texmfs/install/tex/generic/pgf/basiclayer/pgfcorepathproces
sing.code.tex
File: pgfcorepathprocessing.code.tex 2013/09/09  (rcs-revision 1.9)
)
(/home/enzo/.miktex/texmfs/install/tex/generic/pgf/basiclayer/pgfcorearrows.cod
e.tex
File: pgfcorearrows.code.tex 2015/05/14  (rcs-revision 1.43)
\pgfarrowsep=\dimen175
)
(/home/enzo/.miktex/texmfs/install/tex/generic/pgf/basiclayer/pgfcoreshade.code
.tex
File: pgfcoreshade.code.tex 2013/07/15  (rcs-revision 1.15)
\pgf@max=\dimen176
\pgf@sys@shading@range@num=\count137
)
(/home/enzo/.miktex/texmfs/install/tex/generic/pgf/basiclayer/pgfcoreimage.code
.tex
File: pgfcoreimage.code.tex 2013/07/15  (rcs-revision 1.18)

(/home/enzo/.miktex/texmfs/install/tex/generic/pgf/basiclayer/pgfcoreexternal.c
ode.tex
File: pgfcoreexternal.code.tex 2014/07/09  (rcs-revision 1.21)
\pgfexternal@startupbox=\box33
))
(/home/enzo/.miktex/texmfs/install/tex/generic/pgf/basiclayer/pgfcorelayers.cod
e.tex
File: pgfcorelayers.code.tex 2013/07/18  (rcs-revision 1.7)
)
(/home/enzo/.miktex/texmfs/install/tex/generic/pgf/basiclayer/pgfcoretransparen
cy.code.tex
File: pgfcoretransparency.code.tex 2013/09/30  (rcs-revision 1.5)
)
(/home/enzo/.miktex/texmfs/install/tex/generic/pgf/basiclayer/pgfcorepatterns.c
ode.tex
File: pgfcorepatterns.code.tex 2013/11/07  (rcs-revision 1.5)
)))
(/home/enzo/.miktex/texmfs/install/tex/generic/pgf/modules/pgfmoduleshapes.code
.tex
File: pgfmoduleshapes.code.tex 2014/03/21  (rcs-revision 1.35)
\pgfnodeparttextbox=\box34
)
(/home/enzo/.miktex/texmfs/install/tex/generic/pgf/modules/pgfmoduleplot.code.t
ex
File: pgfmoduleplot.code.tex 2015/08/03  (rcs-revision 1.13)
)
(/home/enzo/.miktex/texmfs/install/tex/latex/pgf/compatibility/pgfcomp-version-
0-65.sty
Package: pgfcomp-version-0-65 2007/07/03 v3.0.1a (rcs-revision 1.7)
\pgf@nodesepstart=\dimen177
\pgf@nodesepend=\dimen178
)
(/home/enzo/.miktex/texmfs/install/tex/latex/pgf/compatibility/pgfcomp-version-
1-18.sty
Package: pgfcomp-version-1-18 2007/07/23 v3.0.1a (rcs-revision 1.1)
))
(/home/enzo/.miktex/texmfs/install/tex/latex/pgf/utilities/pgffor.sty
(/home/enzo/.miktex/texmfs/install/tex/latex/pgf/utilities/pgfkeys.sty
(/home/enzo/.miktex/texmfs/install/tex/generic/pgf/utilities/pgfkeys.code.tex))
(/home/enzo/.miktex/texmfs/install/tex/latex/pgf/math/pgfmath.sty
(/home/enzo/.miktex/texmfs/install/tex/generic/pgf/math/pgfmath.code.tex))
(/home/enzo/.miktex/texmfs/install/tex/generic/pgf/utilities/pgffor.code.tex
Package: pgffor 2013/12/13 v3.0.1a (rcs-revision 1.25)

(/home/enzo/.miktex/texmfs/install/tex/generic/pgf/math/pgfmath.code.tex)
\pgffor@iter=\dimen179
\pgffor@skip=\dimen180
\pgffor@stack=\toks36
\pgffor@toks=\toks37
))
(/home/enzo/.miktex/texmfs/install/tex/generic/pgf/frontendlayer/tikz/tikz.code
.tex
Package: tikz 2015/08/07 v3.0.1a (rcs-revision 1.151)

(/home/enzo/.miktex/texmfs/install/tex/generic/pgf/libraries/pgflibraryplothand
lers.code.tex
File: pgflibraryplothandlers.code.tex 2013/08/31 v3.0.1a (rcs-revision 1.20)
\pgf@plot@mark@count=\count138
\pgfplotmarksize=\dimen181
)
\tikz@lastx=\dimen182
\tikz@lasty=\dimen183
\tikz@lastxsaved=\dimen184
\tikz@lastysaved=\dimen185
\tikzleveldistance=\dimen186
\tikzsiblingdistance=\dimen187
\tikz@figbox=\box35
\tikz@figbox@bg=\box36
\tikz@tempbox=\box37
\tikz@tempbox@bg=\box38
\tikztreelevel=\count139
\tikznumberofchildren=\count140
\tikznumberofcurrentchild=\count141
\tikz@fig@count=\count142

(/home/enzo/.miktex/texmfs/install/tex/generic/pgf/modules/pgfmodulematrix.code
.tex
File: pgfmodulematrix.code.tex 2013/09/17  (rcs-revision 1.8)
\pgfmatrixcurrentrow=\count143
\pgfmatrixcurrentcolumn=\count144
\pgf@matrix@numberofcolumns=\count145
)
\tikz@expandcount=\count146

(/home/enzo/.miktex/texmfs/install/tex/generic/pgf/frontendlayer/tikz/libraries
/tikzlibrarytopaths.code.tex
File: tikzlibrarytopaths.code.tex 2008/06/17 v3.0.1a (rcs-revision 1.2)
)))
(/home/enzo/.miktex/texmfs/install/tex/generic/pgf/frontendlayer/tikz/libraries
/tikzlibrarypositioning.code.tex
File: tikzlibrarypositioning.code.tex 2008/10/06 v3.0.1a (rcs-revision 1.7)
)
(/home/enzo/.miktex/texmfs/install/tex/latex/tools/calc.sty
Package: calc 2017/05/25 v4.3 Infix arithmetic (KKT,FJ)
\calc@Acount=\count147
\calc@Bcount=\count148
\calc@Adimen=\dimen188
\calc@Bdimen=\dimen189
\calc@Askip=\skip47
\calc@Bskip=\skip48
LaTeX Info: Redefining \setlength on input line 80.
LaTeX Info: Redefining \addtolength on input line 81.
\calc@Ccount=\count149
\calc@Cskip=\skip49
)
\c@@todonotes@numberoftodonotes=\count150
)
(/home/enzo/.miktex/texmfs/install/tex/latex/mathtools/mathtools.sty
Package: mathtools 2018/01/08 v1.21 mathematical typesetting tools

(/home/enzo/.miktex/texmfs/install/tex/latex/mathtools/mhsetup.sty
Package: mhsetup 2017/03/31 v1.3 programming setup (MH)
)
LaTeX Info: Thecontrolsequence`\('isalreadyrobust on input line 129.
LaTeX Info: Thecontrolsequence`\)'isalreadyrobust on input line 129.
LaTeX Info: Thecontrolsequence`\['isalreadyrobust on input line 129.
LaTeX Info: Thecontrolsequence`\]'isalreadyrobust on input line 129.
\g_MT_multlinerow_int=\count151
\l_MT_multwidth_dim=\dimen190
\origjot=\skip50
\l_MT_shortvdotswithinadjustabove_dim=\dimen191
\l_MT_shortvdotswithinadjustbelow_dim=\dimen192
\l_MT_above_intertext_sep=\dimen193
\l_MT_below_intertext_sep=\dimen194
\l_MT_above_shortintertext_sep=\dimen195
\l_MT_below_shortintertext_sep=\dimen196
)
(/home/enzo/.miktex/texmfs/install/tex/latex/tools/multicol.sty
Package: multicol 2018/04/20 v1.8s multicolumn formatting (FMi)
\c@tracingmulticols=\count152
\mult@box=\box39
\multicol@leftmargin=\dimen197
\c@unbalance=\count153
\c@collectmore=\count154
\doublecol@number=\count155
\multicoltolerance=\count156
\multicolpretolerance=\count157
\full@width=\dimen198
\page@free=\dimen199
\premulticols=\dimen256
\postmulticols=\dimen257
\multicolsep=\skip51
\multicolbaselineskip=\skip52
\partial@page=\box40
\last@line=\box41
\maxbalancingoverflow=\dimen258
\mult@rightbox=\box42
\mult@grightbox=\box43
\mult@gfirstbox=\box44
\mult@firstbox=\box45
\@tempa=\box46
\@tempa=\box47
\@tempa=\box48
\@tempa=\box49
\@tempa=\box50
\@tempa=\box51
\@tempa=\box52
\@tempa=\box53
\@tempa=\box54
\@tempa=\box55
\@tempa=\box56
\@tempa=\box57
\@tempa=\box58
\@tempa=\box59
\@tempa=\box60
\@tempa=\box61
\@tempa=\box62
\c@columnbadness=\count158
\c@finalcolumnbadness=\count159
\last@try=\dimen259
\multicolovershoot=\dimen260
\multicolundershoot=\dimen261
\mult@nat@firstbox=\box63
\colbreak@box=\box64
\mc@col@check@num=\count160
)
(/home/enzo/.miktex/texmfs/install/tex/latex/fancyhdr/fancyhdr.sty
Package: fancyhdr 2017/06/30 v3.9a Extensive control of page headers and footer
s
\f@nch@headwidth=\skip53
\f@nch@O@elh=\skip54
\f@nch@O@erh=\skip55
\f@nch@O@olh=\skip56
\f@nch@O@orh=\skip57
\f@nch@O@elf=\skip58
\f@nch@O@erf=\skip59
\f@nch@O@olf=\skip60
\f@nch@O@orf=\skip61
)
(/home/enzo/.miktex/texmfs/install/tex/latex/sectsty/sectsty.sty
Package: sectsty 2002/02/25 v2.0.2 Commands to change all sectional heading sty
les
)
(/home/enzo/.miktex/texmfs/install/tex/latex/pdfpages/pdfpages.sty
Package: pdfpages 2017/10/31 v0.5l Insert pages of external PDF documents (AM)

(/home/enzo/.miktex/texmfs/install/tex/latex/eso-pic/eso-pic.sty
Package: eso-pic 2018/04/12 v2.0h eso-pic (RN)
)
\AM@pagewidth=\dimen262
\AM@pageheight=\dimen263

(/home/enzo/.miktex/texmfs/install/tex/latex/pdfpages/pppdftex.def
File: pppdftex.def 2017/10/31 v0.5l Pdfpages driver for pdfTeX (AM)
)
\AM@pagebox=\box65
\AM@global@opts=\toks38
\AM@toc@title=\toks39
\c@AM@survey=\count161
\AM@templatesizebox=\box66
)
(/home/enzo/.miktex/texmfs/install/tex/latex/tcolorbox/tcolorbox.sty
Package: tcolorbox 2018/03/22 version 4.13 text color boxes

(/home/enzo/.miktex/texmfs/install/tex/latex/tools/verbatim.sty
Package: verbatim 2014/10/28 v1.5q LaTeX2e package for verbatim enhancements
\every@verbatim=\toks40
\verbatim@line=\toks41
\verbatim@in@stream=\read2
)
(/home/enzo/.miktex/texmfs/install/tex/latex/environ/environ.sty
Package: environ 2014/05/04 v0.3 A new way to define environments

(/home/enzo/.miktex/texmfs/install/tex/latex/trimspaces/trimspaces.sty
Package: trimspaces 2009/09/17 v1.1 Trim spaces around a token list
))
(/home/enzo/.miktex/texmfs/install/tex/latex/etoolbox/etoolbox.sty
Package: etoolbox 2018/02/11 v2.5e e-TeX tools for LaTeX (JAW)
\etb@tempcnta=\count162
)
\tcb@titlebox=\box67
\tcb@upperbox=\box68
\tcb@lowerbox=\box69
\tcb@phantombox=\box70
\c@tcbbreakpart=\count163
\c@tcblayer=\count164
\tcolorbox@number=\count165
\tcb@temp=\box71
\tcb@temp=\box72
\tcb@temp=\box73
\tcb@temp=\box74
\tcb@out=\write4
\tcb@record@out=\write5
)
(/home/enzo/.miktex/texmfs/install/tex/latex/float/float.sty
Package: float 2001/11/08 v1.3d Float enhancements (AL)
\c@float@type=\count166
\float@exts=\toks42
\float@box=\box75
\@float@everytoks=\toks43
\@floatcapt=\box76
)
(/home/enzo/.miktex/texmfs/install/tex/latex/nomencl/nomencl.sty
Package: nomencl 2005/09/22 v4.2 Nomenclature package (LN)
\nomlabelwidth=\dimen264
\nom@tempdim=\dimen265
\nomitemsep=\skip62
)
\@nomenclaturefile=\write6
\openout6 = `Rapport_Stage_ENS.nlo'.


Writing nomenclature file Rapport_Stage_ENS.nlo
(/home/enzo/.miktex/texmfs/install/tex/latex/titlesec/titlesec.sty
Package: titlesec 2016/03/21 v2.10.2 Sectioning titles
\ttl@box=\box77
\beforetitleunit=\skip63
\aftertitleunit=\skip64
\ttl@plus=\dimen266
\ttl@minus=\dimen267
\ttl@toksa=\toks44
\titlewidth=\dimen268
\titlewidthlast=\dimen269
\titlewidthfirst=\dimen270
)
(/home/enzo/.miktex/texmfs/install/tex/latex/listings/listings.sty
\lst@mode=\count167
\lst@gtempboxa=\box78
\lst@token=\toks45
\lst@length=\count168
\lst@currlwidth=\dimen271
\lst@column=\count169
\lst@pos=\count170
\lst@lostspace=\dimen272
\lst@width=\dimen273
\lst@newlines=\count171
\lst@lineno=\count172
\lst@maxwidth=\dimen274

(/home/enzo/.miktex/texmfs/install/tex/latex/listings/lstmisc.sty
File: lstmisc.sty 2015/06/04 1.6 (Carsten Heinz)
\c@lstnumber=\count173
\lst@skipnumbers=\count174
\lst@framebox=\box79
)
(/home/enzo/.miktex/texmfs/install/tex/latex/listings/listings.cfg
File: listings.cfg 2015/06/04 1.6 listings configuration
))
Package: listings 2015/06/04 1.6 (Carsten Heinz)

(/home/enzo/.miktex/texmfs/install/tex/latex/listings/lstlang1.sty
File: lstlang1.sty 2015/06/04 1.6 listings language file
)
(/home/enzo/.miktex/texmfs/install/tex/latex/listings/lstlang2.sty
File: lstlang2.sty 2015/06/04 1.6 listings language file
)
(/home/enzo/.miktex/texmfs/install/tex/latex/listings/lstlang3.sty
File: lstlang3.sty 2015/06/04 1.6 listings language file
)
(/home/enzo/.miktex/texmfs/install/tex/latex/tools/bm.sty
Package: bm 2017/01/16 v1.2c Bold Symbol Support (DPC/FMi)
\symboldoperators=\mathgroup6
\symboldletters=\mathgroup7
\symboldsymbols=\mathgroup8
LaTeX Font Info:    Redeclaring math alphabet \mathbf on input line 141.
LaTeX Info: Redefining \bm on input line 207.
)) (Style.tex)

Package Fancyhdr Warning: \fancyfoot's `E' option without twoside option is use
less on input line 13.


Package Fancyhdr Warning: \fancyhead's `E' option without twoside option is use
less on input line 13.

(Rapport_Stage_ENS.aux)
\openout1 = `Rapport_Stage_ENS.aux'.

LaTeX Font Info:    Checking defaults for OML/cmm/m/it on input line 14.
LaTeX Font Info:    ... okay on input line 14.
LaTeX Font Info:    Checking defaults for T1/cmr/m/n on input line 14.
LaTeX Font Info:    ... okay on input line 14.
LaTeX Font Info:    Checking defaults for OT1/cmr/m/n on input line 14.
LaTeX Font Info:    ... okay on input line 14.
LaTeX Font Info:    Checking defaults for OMS/cmsy/m/n on input line 14.
LaTeX Font Info:    ... okay on input line 14.
LaTeX Font Info:    Checking defaults for OMX/cmex/m/n on input line 14.
LaTeX Font Info:    ... okay on input line 14.
LaTeX Font Info:    Checking defaults for U/cmr/m/n on input line 14.
LaTeX Font Info:    ... okay on input line 14.
LaTeX Font Info:    Checking defaults for PD1/pdf/m/n on input line 14.
LaTeX Font Info:    ... okay on input line 14.
LaTeX Info: Redefining \degres on input line 14.
LaTeX Info: Redefining \dots on input line 14.
LaTeX Info: Redefining \up on input line 14.

(/home/enzo/.miktex/texmfs/install/tex/context/base/supp-pdf.mkii
[Loading MPS to PDF converter (version 2006.09.02).]
\scratchcounter=\count175
\scratchdimen=\dimen275
\scratchbox=\box80
\nofMPsegments=\count176
\nofMParguments=\count177
\everyMPshowfont=\toks46
\MPscratchCnt=\count178
\MPscratchDim=\dimen276
\MPnumerator=\count179
\makeMPintoPDFobject=\count180
\everyMPtoPDFconversion=\toks47
) (/home/enzo/.miktex/texmfs/install/tex/latex/oberdiek/epstopdf-base.sty
Package: epstopdf-base 2016/05/15 v2.6 Base part for package epstopdf

(/home/enzo/.miktex/texmfs/install/tex/latex/oberdiek/grfext.sty
Package: grfext 2016/05/16 v1.2 Manage graphics extensions (HO)
)
Package epstopdf-base Info: Redefining graphics rule for `.eps' on input line 4
38.
Package grfext Info: Graphics extension search list:
(grfext)             [.pdf,.png,.jpg,.mps,.jpeg,.jbig2,.jb2,.PDF,.PNG,.JPG,.JPE
G,.JBIG2,.JB2,.eps]
(grfext)             \AppendGraphicsExtensions on input line 456.
)
*geometry* driver: auto-detecting
*geometry* detected driver: pdftex
*geometry* verbose mode - [ preamble ] result:
* driver: pdftex
* paper: <default>
* layout: <same size as paper>
* layoutoffset:(h,v)=(0.0pt,0.0pt)
* modes: 
* h-part:(L,W,R)=(71.13188pt, 472.03123pt, 71.13188pt)
* v-part:(T,H,B)=(56.9055pt, 681.15898pt, 56.9055pt)
* \paperwidth=614.295pt
* \paperheight=794.96999pt
* \textwidth=472.03123pt
* \textheight=681.15898pt
* \oddsidemargin=-1.1381pt
* \evensidemargin=-1.1381pt
* \topmargin=-52.36449pt
* \headheight=12.0pt
* \headsep=25.0pt
* \topskip=12.0pt
* \footskip=30.0pt
* \marginparwidth=44.0pt
* \marginparsep=10.0pt
* \columnsep=10.0pt
* \skip\footins=10.8pt plus 4.0pt minus 2.0pt
* \hoffset=0.0pt
* \voffset=0.0pt
* \mag=1000
* \@twocolumnfalse
* \@twosidefalse
* \@mparswitchfalse
* \@reversemarginfalse
* (1in=72.27pt=25.4mm, 1cm=28.453pt)

\AtBeginShipoutBox=\box81
Package hyperref Info: Link coloring OFF on input line 14.
(/home/enzo/.miktex/texmfs/install/tex/latex/hyperref/nameref.sty
Package: nameref 2016/05/21 v2.44 Cross-referencing by name of section

(/home/enzo/.miktex/texmfs/install/tex/generic/oberdiek/gettitlestring.sty
Package: gettitlestring 2016/05/16 v1.5 Cleanup title references (HO)
)
\c@section@level=\count181
)
LaTeX Info: Redefining \ref on input line 14.
LaTeX Info: Redefining \pageref on input line 14.
LaTeX Info: Redefining \nameref on input line 14.

(Rapport_Stage_ENS.out) (Rapport_Stage_ENS.out)
\@outlinefile=\write7
\openout7 = `Rapport_Stage_ENS.out'.

Package caption Info: Begin \AtBeginDocument code.
Package caption Info: float package is loaded.
Package caption Info: listings package is loaded.
Package caption Info: End \AtBeginDocument code.

ABD: EveryShipout initializing macros

Package todonotes Warning: The length marginparwidth is less than 2cm and will 
most likely cause issues with the appearance of inserted todonotes. The issue c
an be solved by adding a line like \setlength {\marginparwidth }{2cm} prior to 
loading the todonotes package. on input line 14.

(/home/enzo/.miktex/texmfs/install/tex/latex/oberdiek/pdflscape.sty
Package: pdflscape 2016/05/14 v0.11 Display of landscape pages in PDF (HO)

(/home/enzo/.miktex/texmfs/install/tex/latex/graphics/lscape.sty
Package: lscape 2000/10/22 v3.01 Landscape Pages (DPC)
)
Package pdflscape Info: Auto-detected driver: pdftex on input line 81.
)
\c@lstlisting=\count182
LaTeX Font Info:    Try loading font information for U+msa on input line 18.

(/home/enzo/.miktex/texmfs/install/tex/latex/amsfonts/umsa.fd
File: umsa.fd 2013/01/14 v3.01 AMS symbols A
)
LaTeX Font Info:    Try loading font information for U+msb on input line 18.

(/home/enzo/.miktex/texmfs/install/tex/latex/amsfonts/umsb.fd
File: umsb.fd 2013/01/14 v3.01 AMS symbols B
) [1

{/home/enzo/.miktex/texmfs/data/pdftex/config/pdftex.map}] (Rapport_Stage_ENS.t
oc)
\tf@toc=\write8
\openout8 = `Rapport_Stage_ENS.toc'.


(Rapport_Stage_ENS.nls

Package Fancyhdr Warning: \headheight is too small (12.0pt): 
 Make it at least 14.5pt.
 We now make it that large for the rest of the document.
 This may cause the page layout to be inconsistent, however.

pdfTeX warning (ext4): destination with the same identifier (name{page.1}) has 
been already used, duplicate ignored
<to be read again> 
                   \relax 
l.1 \begin{thenomenclature}
                            [1

])

Package Fancyhdr Warning: \headheight is too small (12.0pt): 
 Make it at least 14.5pt.
 We now make it that large for the rest of the document.
 This may cause the page layout to be inconsistent, however.

[2

]
Chapitre 1.

LaTeX Font Warning: Font shape `T1/cmr/bx/n' in size <60> not available
(Font)              size <35.83> substituted on input line 22.

<Images/Intro/Primary_production_of_energy_1990-2016.png, id=190, 825.0825pt x 
420.06938pt>
File: Images/Intro/Primary_production_of_energy_1990-2016.png Graphic file (typ
e png)
<use Images/Intro/Primary_production_of_energy_1990-2016.png>
Package pdftex.def Info: Images/Intro/Primary_production_of_energy_1990-2016.pn
g  used on input line 33.
(pdftex.def)             Requested size: 472.03123pt x 240.32658pt.

LaTeX Warning: `h' float specifier changed to `ht'.


Overfull \hbox (6.14494pt too wide) in paragraph at lines 41--42
\T1/cmr/m/n/12 d'être en mesure de fournir, à n'importe quel instant, la puissa
nce demandée par les utilisateurs.
 []


Overfull \hbox (5.52553pt too wide) in paragraph at lines 43--44
[]\T1/cmr/m/n/12 Les sources de productions d'énergies d'alors étaient principa
lement délocalisées, constantes
 []


Overfull \hbox (10.84903pt too wide) in paragraph at lines 43--44
\T1/cmr/m/n/12 et avec une faible inertie (centrales thermiques) ou forte inert
ie (centrale nucléaires). Contraintes
 []


Package Fancyhdr Warning: \headheight is too small (12.0pt): 
 Make it at least 14.5pt.
 We now make it that large for the rest of the document.
 This may cause the page layout to be inconsistent, however.

[3

]
Overfull \hbox (6.40456pt too wide) in paragraph at lines 51--52
\T1/cmr/m/n/12 d'abord, le fait que les prévisions de production soient basées 
sur des prévisions météorologiques
 []


Package Fancyhdr Warning: \headheight is too small (12.0pt): 
 Make it at least 24.64995pt.
 We now make it that large for the rest of the document.
 This may cause the page layout to be inconsistent, however.

[4 <./Images/Intro/Primary_production_of_energy_1990-2016.png>]
Chapitre 2.
LaTeX Font Info:    Try loading font information for T1+cmtt on input line 58.
(/home/enzo/.miktex/texmfs/install/tex/latex/base/t1cmtt.fd
File: t1cmtt.fd 2014/09/29 v2.5h Standard LaTeX font definitions
)
<Images/Data/Eolien/BPA/Normalize.pdf, id=214, 526.96875pt x 325.215pt>
File: Images/Data/Eolien/BPA/Normalize.pdf Graphic file (type pdf)
<use Images/Data/Eolien/BPA/Normalize.pdf>
Package pdftex.def Info: Images/Data/Eolien/BPA/Normalize.pdf  used on input li
ne 68.
(pdftex.def)             Requested size: 212.41261pt x 131.09105pt.

Underfull \hbox (badness 5288) in paragraph at lines 69--69
[]\T1/cmr/m/n/10.95 (a) |Production réalisée et capacité de
 []

<Images/Data/Eolien/BPA/NormWindErrs_All.pdf, id=215, 526.96875pt x 325.215pt>
File: Images/Data/Eolien/BPA/NormWindErrs_All.pdf Graphic file (type pdf)
<use Images/Data/Eolien/BPA/NormWindErrs_All.pdf>
Package pdftex.def Info: Images/Data/Eolien/BPA/NormWindErrs_All.pdf  used on i
nput line 74.
(pdftex.def)             Requested size: 212.41261pt x 131.09105pt.
Package hyperref Info: bookmark level for unknown todo defaults to 0 on input l
ine 83.

Overfull \hbox (5.95334pt too wide) in paragraph at lines 83--83
[][][][]\T1/cmr/m/n/12 Préciser 
 []


Overfull \hbox (7.35855pt too wide) in paragraph at lines 83--83
\T1/cmr/m/n/12 combien  
 []


Overfull \hbox (5.95334pt too wide) in paragraph at lines 83--83
[][][][]\T1/cmr/m/n/12 Préciser 
 []


Overfull \hbox (7.35855pt too wide) in paragraph at lines 83--83
\T1/cmr/m/n/12 combien  
 []


Package Fancyhdr Warning: \headheight is too small (12.0pt): 
 Make it at least 14.5pt.
 We now make it that large for the rest of the document.
 This may cause the page layout to be inconsistent, however.

[5

 <./Images/Data/Eolien/BPA/Normalize.pdf> <./Images/Data/Eolien/BPA/NormWindErr
s_All.pdf>]
<Images/Data/Eolien/BPA/Hist_NormErr.pdf, id=244, 526.96875pt x 325.215pt>
File: Images/Data/Eolien/BPA/Hist_NormErr.pdf Graphic file (type pdf)
<use Images/Data/Eolien/BPA/Hist_NormErr.pdf>
Package pdftex.def Info: Images/Data/Eolien/BPA/Hist_NormErr.pdf  used on input
 line 89.
(pdftex.def)             Requested size: 212.41261pt x 131.09105pt.
<Images/Data/Eolien/BPA/NormWindErrs_1Month.pdf, id=245, 526.96875pt x 325.215p
t>
File: Images/Data/Eolien/BPA/NormWindErrs_1Month.pdf Graphic file (type pdf)
<use Images/Data/Eolien/BPA/NormWindErrs_1Month.pdf>
Package pdftex.def Info: Images/Data/Eolien/BPA/NormWindErrs_1Month.pdf  used o
n input line 95.
(pdftex.def)             Requested size: 212.41261pt x 131.09105pt.
<Images/Data/PV/Tennet/Tennet_Actual.pdf, id=251, 459.7175pt x 284.06125pt>
File: Images/Data/PV/Tennet/Tennet_Actual.pdf Graphic file (type pdf)
<use Images/Data/PV/Tennet/Tennet_Actual.pdf>
Package pdftex.def Info: Images/Data/PV/Tennet/Tennet_Actual.pdf  used on input
 line 112.
(pdftex.def)             Requested size: 212.41261pt x 131.25055pt.
<Images/Data/PV/Tennet/Tennet_Forecast.pdf, id=252, 459.7175pt x 284.06125pt>
File: Images/Data/PV/Tennet/Tennet_Forecast.pdf Graphic file (type pdf)
<use Images/Data/PV/Tennet/Tennet_Forecast.pdf>
Package pdftex.def Info: Images/Data/PV/Tennet/Tennet_Forecast.pdf  used on inp
ut line 116.
(pdftex.def)             Requested size: 212.41261pt x 131.25055pt.
<Images/Data/PV/Tennet/TennetPrdErrors_WholeZoom_Mod.pdf, id=254, 459.7175pt x 
284.06125pt>
File: Images/Data/PV/Tennet/TennetPrdErrors_WholeZoom_Mod.pdf Graphic file (typ
e pdf)
<use Images/Data/PV/Tennet/TennetPrdErrors_WholeZoom_Mod.pdf>
Package pdftex.def Info: Images/Data/PV/Tennet/TennetPrdErrors_WholeZoom_Mod.pd
f  used on input line 129.
(pdftex.def)             Requested size: 377.62642pt x 233.34781pt.


Package Fancyhdr Warning: \headheight is too small (12.0pt): 
 Make it at least 24.76854pt.
 We now make it that large for the rest of the document.
 This may cause the page layout to be inconsistent, however.

[6 <./Images/Data/Eolien/BPA/Hist_NormErr.pdf> <./Images/Data/Eolien/BPA/NormWi
ndErrs_1Month.pdf>]
<Images/Data/PV/Tennet/TennetBayern_Boxplot.pdf, id=277, 459.7175pt x 284.06125
pt>
File: Images/Data/PV/Tennet/TennetBayern_Boxplot.pdf Graphic file (type pdf)
<use Images/Data/PV/Tennet/TennetBayern_Boxplot.pdf>
Package pdftex.def Info: Images/Data/PV/Tennet/TennetBayern_Boxplot.pdf  used o
n input line 141.
(pdftex.def)             Requested size: 212.41261pt x 131.25055pt.
<Images/Data/PV/Tennet/Data_Tennet_Histogram.pdf, id=278, 459.7175pt x 284.0612
5pt>
File: Images/Data/PV/Tennet/Data_Tennet_Histogram.pdf Graphic file (type pdf)
<use Images/Data/PV/Tennet/Data_Tennet_Histogram.pdf>
Package pdftex.def Info: Images/Data/PV/Tennet/Data_Tennet_Histogram.pdf  used 
on input line 145.
(pdftex.def)             Requested size: 212.41261pt x 131.25055pt.


Package Fancyhdr Warning: \fancyfoot's `E' option without twoside option is use
less on input line 156.


Package Fancyhdr Warning: \fancyhead's `E' option without twoside option is use
less on input line 156.


Package Fancyhdr Warning: \headheight is too small (12.0pt): 
 Make it at least 24.76854pt.
 We now make it that large for the rest of the document.
 This may cause the page layout to be inconsistent, however.

[7 <./Images/Data/PV/Tennet/Tennet_Actual.pdf> <./Images/Data/PV/Tennet/Tennet_
Forecast.pdf> <./Images/Data/PV/Tennet/TennetPrdErrors_WholeZoom_Mod.pdf>]

Package Fancyhdr Warning: \headheight is too small (12.0pt): 
 Make it at least 24.76854pt.
 We now make it that large for the rest of the document.
 This may cause the page layout to be inconsistent, however.

[8 <./Images/Data/PV/Tennet/TennetBayern_Boxplot.pdf> <./Images/Data/PV/Tennet/
Data_Tennet_Histogram.pdf>]
Chapitre 3.
<Images/Models/HMM/ChaineMarkov.png, id=345, 379.4175pt x 40.35075pt>
File: Images/Models/HMM/ChaineMarkov.png Graphic file (type png)
<use Images/Models/HMM/ChaineMarkov.png>
Package pdftex.def Info: Images/Models/HMM/ChaineMarkov.png  used on input line
 193.
(pdftex.def)             Requested size: 283.22162pt x 30.12076pt.

Package Fancyhdr Warning: \headheight is too small (12.0pt): 
 Make it at least 14.5pt.
 We now make it that large for the rest of the document.
 This may cause the page layout to be inconsistent, however.

[9

 <./Images/Models/HMM/ChaineMarkov.png>]
Overfull \hbox (1.60818pt too wide) in paragraph at lines 217--218
\T1/cmr/m/n/12 que de l'état dans lequel le système dynamique (la chaîne de Mar
kov) se trouve. En considérant
 []


Overfull \hbox (6.37233pt too wide) in paragraph at lines 217--218
[] \T1/cmr/m/n/12 est vérifié. Les hypothèses d'un modèle de Markov cachés sont
 représentées graphiquement
 []

<Images/Models/HMM/HMM.png, id=362, 379.4175pt x 125.268pt>
File: Images/Models/HMM/HMM.png Graphic file (type png)
<use Images/Models/HMM/HMM.png>
Package pdftex.def Info: Images/Models/HMM/HMM.png  used on input line 229.
(pdftex.def)             Requested size: 283.22162pt x 93.50922pt.

Underfull \hbox (badness 1137) in paragraph at lines 230--230
[]\T1/cmr/m/sc/12 Figure \T1/cmr/m/n/12 3.2  |Représentation graphique d'un mo
dèle de Markov caché. Les flèches
 []


Overfull \hbox (10.69897pt too wide) in paragraph at lines 239--240
\T1/cmr/m/n/12 continues et non discrètes. Les densités de probabilités utilisé
es ont à chaque fois été Gaussiennes
 []


Package Fancyhdr Warning: \headheight is too small (12.0pt): 
 Make it at least 24.76854pt.
 We now make it that large for the rest of the document.
 This may cause the page layout to be inconsistent, however.

[10 <./Images/Models/HMM/HMM.png>]

Package Fancyhdr Warning: \headheight is too small (12.0pt): 
 Make it at least 24.76854pt.
 We now make it that large for the rest of the document.
 This may cause the page layout to be inconsistent, however.

[11]
<Images/Models/HMM/Forward.png, id=384, 509.5035pt x 253.54726pt>
File: Images/Models/HMM/Forward.png Graphic file (type png)
<use Images/Models/HMM/Forward.png>
Package pdftex.def Info: Images/Models/HMM/Forward.png  used on input line 289.

(pdftex.def)             Requested size: 377.62642pt x 187.9199pt.
<Images/Models/HMM/Viterbi.png, id=387, 563.706pt x 261.3765pt>
File: Images/Models/HMM/Viterbi.png Graphic file (type png)
<use Images/Models/HMM/Viterbi.png>
Package pdftex.def Info: Images/Models/HMM/Viterbi.png  used on input line 310.

(pdftex.def)             Requested size: 377.62642pt x 175.0974pt.


Package Fancyhdr Warning: \headheight is too small (12.0pt): 
 Make it at least 24.76854pt.
 We now make it that large for the rest of the document.
 This may cause the page layout to be inconsistent, however.

[12 <./Images/Models/HMM/Forward.png>]

Package Fancyhdr Warning: \headheight is too small (12.0pt): 
 Make it at least 24.76854pt.
 We now make it that large for the rest of the document.
 This may cause the page layout to be inconsistent, however.

[13 <./Images/Models/HMM/Viterbi.png>]
Overfull \hbox (8.5662pt too wide) in paragraph at lines 396--397
\T1/cmr/m/n/12 météorologique suppose que toute la dynamique est représentée pa
r l'état caché. Or, notamment
 []

<Images/Models/HMM/MSAR.png, id=415, 379.4175pt x 171.039pt>
File: Images/Models/HMM/MSAR.png Graphic file (type png)
<use Images/Models/HMM/MSAR.png>
Package pdftex.def Info: Images/Models/HMM/MSAR.png  used on input line 400.
(pdftex.def)             Requested size: 283.22162pt x 127.67606pt.

Package Fancyhdr Warning: \headheight is too small (12.0pt): 
 Make it at least 24.76854pt.
 We now make it that large for the rest of the document.
 This may cause the page layout to be inconsistent, however.

[14]

Package Fancyhdr Warning: \headheight is too small (12.0pt): 
 Make it at least 24.76854pt.
 We now make it that large for the rest of the document.
 This may cause the page layout to be inconsistent, however.

[15 <./Images/Models/HMM/MSAR.png>]

LaTeX Warning: Reference `fig:GMM_ToyEx' on page 16 undefined on input line 440
.


Overfull \hbox (8.33751pt too wide) in paragraph at lines 442--442
[][][][]\T1/cmr/m/n/12 Changer 
 []


Overfull \hbox (16.88678pt too wide) in paragraph at lines 442--442
\T1/cmr/m/n/12 supprimer 
 []


Overfull \hbox (8.33751pt too wide) in paragraph at lines 442--442
[][][][]\T1/cmr/m/n/12 Changer 
 []


Overfull \hbox (16.88678pt too wide) in paragraph at lines 442--442
\T1/cmr/m/n/12 supprimer 
 []

<Images/Models/GMM/GMM_toyexemple.png, id=439, 578.16pt x 578.16pt>
File: Images/Models/GMM/GMM_toyexemple.png Graphic file (type png)
<use Images/Models/GMM/GMM_toyexemple.png>
Package pdftex.def Info: Images/Models/GMM/GMM_toyexemple.png  used on input li
ne 446.
(pdftex.def)             Requested size: 236.01561pt x 236.01495pt.

LaTeX Warning: Citation `scrucca_mclust_2016' on page 16 undefined on input lin
e 460.


Package Fancyhdr Warning: \headheight is too small (12.0pt): 
 Make it at least 24.76854pt.
 We now make it that large for the rest of the document.
 This may cause the page layout to be inconsistent, however.

[16 <./Images/Models/GMM/GMM_toyexemple.png>]
Overfull \hbox (16.58783pt too wide) in paragraph at lines 470--471
\T1/cmr/m/n/12 d'observations dans la série temporelle. Au vu de sa définition 
c'est un score orienté négativement.
 []


Package Fancyhdr Warning: \headheight is too small (12.0pt): 
 Make it at least 24.76854pt.
 We now make it that large for the rest of the document.
 This may cause the page layout to be inconsistent, however.

[17]
Chapitre 4.

Package Fancyhdr Warning: \headheight is too small (12.0pt): 
 Make it at least 14.5pt.
 We now make it that large for the rest of the document.
 This may cause the page layout to be inconsistent, however.

[18

]
Chapitre 5.

Overfull \hbox (15.0247pt too wide) in paragraph at lines 516--516
[][][][]\T1/cmr/m/n/12 Expliquer 
 []


Overfull \hbox (10.94792pt too wide) in paragraph at lines 516--516
\T1/cmr/m/n/12 pourquoi 
 []


Overfull \hbox (18.45306pt too wide) in paragraph at lines 516--516
\T1/cmr/m/n/12 clairement  
 []


Overfull \hbox (15.0247pt too wide) in paragraph at lines 516--516
[][][][]\T1/cmr/m/n/12 Expliquer 
 []


Overfull \hbox (10.94792pt too wide) in paragraph at lines 516--516
\T1/cmr/m/n/12 pourquoi 
 []


Overfull \hbox (18.45306pt too wide) in paragraph at lines 516--516
\T1/cmr/m/n/12 clairement  
 []


Overfull \hbox (7.25294pt too wide) in paragraph at lines 518--519
\T1/cmr/m/n/12 résolution numérique, une approche simpliste aurait consisté à s
upprimer les périodes nocturnes
 []


Overfull \hbox (10.61615pt too wide) in paragraph at lines 520--521
[]\T1/cmr/m/n/12 En observant la série de donnée, il est possible de remarquer 
que des trajectoires quotidiennes
 []


Overfull \hbox (0.31201pt too wide) in paragraph at lines 528--529
\T1/cmr/m/n/12 minimisaient [] où $\OML/cmm/m/it/12 z$ \T1/cmr/m/n/12 représent
e la trajectoire de la journée courante et $[]$ une des trajectoires
 []


Package Fancyhdr Warning: \headheight is too small (12.0pt): 
 Make it at least 14.5pt.
 We now make it that large for the rest of the document.
 This may cause the page layout to be inconsistent, however.

[19

]
<Images/PV/KNN/NN_intraday_testdata_11.pdf, id=476, 526.96875pt x 325.215pt>
File: Images/PV/KNN/NN_intraday_testdata_11.pdf Graphic file (type pdf)
<use Images/PV/KNN/NN_intraday_testdata_11.pdf>
Package pdftex.def Info: Images/PV/KNN/NN_intraday_testdata_11.pdf  used on inp
ut line 549.
(pdftex.def)             Requested size: 236.01561pt x 145.65562pt.
<Images/PV/KNN/NN_intraday_testdata_48.pdf, id=477, 526.96875pt x 325.215pt>
File: Images/PV/KNN/NN_intraday_testdata_48.pdf Graphic file (type pdf)
<use Images/PV/KNN/NN_intraday_testdata_48.pdf>
Package pdftex.def Info: Images/PV/KNN/NN_intraday_testdata_48.pdf  used on inp
ut line 556.
(pdftex.def)             Requested size: 236.01561pt x 145.65562pt.
<Images/PV/KNN/NN_intraday_testdata_99.pdf, id=478, 526.96875pt x 325.215pt>
File: Images/PV/KNN/NN_intraday_testdata_99.pdf Graphic file (type pdf)
<use Images/PV/KNN/NN_intraday_testdata_99.pdf>
Package pdftex.def Info: Images/PV/KNN/NN_intraday_testdata_99.pdf  used on inp
ut line 564.
(pdftex.def)             Requested size: 236.01561pt x 145.65562pt.


Package Fancyhdr Warning: \headheight is too small (12.0pt): 
 Make it at least 25.19739pt.
 We now make it that large for the rest of the document.
 This may cause the page layout to be inconsistent, however.

[20 <./Images/PV/KNN/NN_intraday_testdata_11.pdf> <./Images/PV/KNN/NN_intraday_
testdata_48.pdf> <./Images/PV/KNN/NN_intraday_testdata_99.pdf>]
<Images/PV/KNN/KNN_compare.pdf, id=521, 526.96875pt x 325.215pt>
File: Images/PV/KNN/KNN_compare.pdf Graphic file (type pdf)
<use Images/PV/KNN/KNN_compare.pdf>
Package pdftex.def Info: Images/PV/KNN/KNN_compare.pdf  used on input line 582.

(pdftex.def)             Requested size: 354.02342pt x 218.49336pt.
<Images/PV/Kmeans/Kmeans5Clusts.pdf, id=524, 526.96875pt x 325.215pt>
File: Images/PV/Kmeans/Kmeans5Clusts.pdf Graphic file (type pdf)
<use Images/PV/Kmeans/Kmeans5Clusts.pdf>
Package pdftex.def Info: Images/PV/Kmeans/Kmeans5Clusts.pdf  used on input line
 590.
(pdftex.def)             Requested size: 212.4126pt x 131.09105pt.
<Images/PV/Kmeans/Kmeans10Clusts.pdf, id=525, 526.96875pt x 325.215pt>
File: Images/PV/Kmeans/Kmeans10Clusts.pdf Graphic file (type pdf)
<use Images/PV/Kmeans/Kmeans10Clusts.pdf>
Package pdftex.def Info: Images/PV/Kmeans/Kmeans10Clusts.pdf  used on input lin
e 597.
(pdftex.def)             Requested size: 212.4126pt x 131.09105pt.
<Images/PV/Kmeans/Kmeans15Clusts.pdf, id=526, 526.96875pt x 325.215pt>
File: Images/PV/Kmeans/Kmeans15Clusts.pdf Graphic file (type pdf)
<use Images/PV/Kmeans/Kmeans15Clusts.pdf>
Package pdftex.def Info: Images/PV/Kmeans/Kmeans15Clusts.pdf  used on input lin
e 605.
(pdftex.def)             Requested size: 212.4126pt x 131.09105pt.
<Images/PV/Kmeans/Kmeans20Clusts.pdf, id=527, 526.96875pt x 325.215pt>
File: Images/PV/Kmeans/Kmeans20Clusts.pdf Graphic file (type pdf)
<use Images/PV/Kmeans/Kmeans20Clusts.pdf>
Package pdftex.def Info: Images/PV/Kmeans/Kmeans20Clusts.pdf  used on input lin
e 611.
(pdftex.def)             Requested size: 212.4126pt x 131.09105pt.


LaTeX Warning: `h' float specifier changed to `ht'.


Package Fancyhdr Warning: \headheight is too small (12.0pt): 
 Make it at least 25.19739pt.
 We now make it that large for the rest of the document.
 This may cause the page layout to be inconsistent, however.

[21 <./Images/PV/KNN/KNN_compare.pdf>]

Package Fancyhdr Warning: \headheight is too small (12.0pt): 
 Make it at least 25.19739pt.
 We now make it that large for the rest of the document.
 This may cause the page layout to be inconsistent, however.

[22 <./Images/PV/Kmeans/Kmeans5Clusts.pdf> <./Images/PV/Kmeans/Kmeans10Clusts.p
df> <./Images/PV/Kmeans/Kmeans15Clusts.pdf> <./Images/PV/Kmeans/Kmeans20Clusts.
pdf>]
<Images/PV/GMM/GMM_BICCompare_20.pdf, id=566, 426.59375pt x 284.06125pt>
File: Images/PV/GMM/GMM_BICCompare_20.pdf Graphic file (type pdf)
<use Images/PV/GMM/GMM_BICCompare_20.pdf>
Package pdftex.def Info: Images/PV/GMM/GMM_BICCompare_20.pdf  used on input lin
e 632.
(pdftex.def)             Requested size: 212.4126pt x 141.44511pt.
<Images/PV/GMM/GMM_CompareIntraday.pdf, id=567, 459.7175pt x 284.06125pt>
File: Images/PV/GMM/GMM_CompareIntraday.pdf Graphic file (type pdf)
<use Images/PV/GMM/GMM_CompareIntraday.pdf>
Package pdftex.def Info: Images/PV/GMM/GMM_CompareIntraday.pdf  used on input l
ine 639.
(pdftex.def)             Requested size: 212.4126pt x 131.25055pt.

Overfull \hbox (7.83145pt too wide) in paragraph at lines 630--643
[]$[]$   $[]$ 
 []


Overfull \hbox (12.80165pt too wide) in paragraph at lines 646--647
\T1/cmr/m/n/12 obtenu, et d'en limiter sa complexité, il est impératif de chois
ir un nombre de cluster relativement
 []

<Images/PV/GMM/GMM_6Clust_Intraday_24d_10h_idtest98.pdf, id=571, 526.96875pt x 
325.215pt>
File: Images/PV/GMM/GMM_6Clust_Intraday_24d_10h_idtest98.pdf Graphic file (type
 pdf)
<use Images/PV/GMM/GMM_6Clust_Intraday_24d_10h_idtest98.pdf>
Package pdftex.def Info: Images/PV/GMM/GMM_6Clust_Intraday_24d_10h_idtest98.pdf
  used on input line 651.
(pdftex.def)             Requested size: 212.4126pt x 131.09105pt.
<Images/PV/GMM/GMM_6Clust_Intraday_24d_13h_idtest98.pdf, id=572, 526.96875pt x 
325.215pt>
File: Images/PV/GMM/GMM_6Clust_Intraday_24d_13h_idtest98.pdf Graphic file (type
 pdf)
<use Images/PV/GMM/GMM_6Clust_Intraday_24d_13h_idtest98.pdf>
Package pdftex.def Info: Images/PV/GMM/GMM_6Clust_Intraday_24d_13h_idtest98.pdf
  used on input line 658.
(pdftex.def)             Requested size: 212.4126pt x 131.09105pt.
<Images/PV/GMM/GMM_6Clust_Intraday_24d_10h_idtest335.pdf, id=573, 526.96875pt x
 325.215pt>
File: Images/PV/GMM/GMM_6Clust_Intraday_24d_10h_idtest335.pdf Graphic file (typ
e pdf)
<use Images/PV/GMM/GMM_6Clust_Intraday_24d_10h_idtest335.pdf>
Package pdftex.def Info: Images/PV/GMM/GMM_6Clust_Intraday_24d_10h_idtest335.pd
f  used on input line 666.
(pdftex.def)             Requested size: 212.4126pt x 131.09105pt.

LaTeX Warning: `h' float specifier changed to `ht'.

<Images/PV/GMM/GMM_MeansVars_6_dim24.pdf, id=578, 426.59375pt x 284.06125pt>
File: Images/PV/GMM/GMM_MeansVars_6_dim24.pdf Graphic file (type pdf)
<use Images/PV/GMM/GMM_MeansVars_6_dim24.pdf>
Package pdftex.def Info: Images/PV/GMM/GMM_MeansVars_6_dim24.pdf  used on input
 line 680.
(pdftex.def)             Requested size: 354.02342pt x 235.75342pt.

LaTeX Warning: `h' float specifier changed to `ht'.


Overfull \hbox (10.38431pt too wide) in paragraph at lines 686--687
\T1/cmr/m/n/12 d'identifier les probabilités d'appartenance au cours de la jour
née via les densités de probabilités,
 []


Package Fancyhdr Warning: \headheight is too small (12.0pt): 
 Make it at least 25.19739pt.
 We now make it that large for the rest of the document.
 This may cause the page layout to be inconsistent, however.

[23 <./Images/PV/GMM/GMM_BICCompare_20.pdf> <./Images/PV/GMM/GMM_CompareIntrada
y.pdf>]

Package Fancyhdr Warning: \headheight is too small (12.0pt): 
 Make it at least 25.19739pt.
 We now make it that large for the rest of the document.
 This may cause the page layout to be inconsistent, however.

[24 <./Images/PV/GMM/GMM_6Clust_Intraday_24d_10h_idtest98.pdf> <./Images/PV/GMM
/GMM_6Clust_Intraday_24d_13h_idtest98.pdf> <./Images/PV/GMM/GMM_6Clust_Intraday
_24d_10h_idtest335.pdf>]
<Images/PV/ACP/ACP_DimSelect.pdf, id=639, 459.7175pt x 284.06125pt>
File: Images/PV/ACP/ACP_DimSelect.pdf Graphic file (type pdf)
<use Images/PV/ACP/ACP_DimSelect.pdf>
Package pdftex.def Info: Images/PV/ACP/ACP_DimSelect.pdf  used on input line 70
3.
(pdftex.def)             Requested size: 283.22162pt x 175.01086pt.


LaTeX Warning: `h' float specifier changed to `ht'.


LaTeX Warning: Reference `fig:Donnees_TenneT_Bayern_BoxHist' on page 25 undefin
ed on input line 708.


Overfull \hbox (5.59741pt too wide) in paragraph at lines 708--709
[]\T1/cmr/m/n/12 Ces 6 composantes sont présentées sur la figure []5.8[]. Les 6
 composantes principales partagent
 []

<Images/PV/ACP/ACP_PrincipalComp_6.pdf, id=641, 459.7175pt x 284.06125pt>
File: Images/PV/ACP/ACP_PrincipalComp_6.pdf Graphic file (type pdf)
<use Images/PV/ACP/ACP_PrincipalComp_6.pdf>
Package pdftex.def Info: Images/PV/ACP/ACP_PrincipalComp_6.pdf  used on input l
ine 712.
(pdftex.def)             Requested size: 377.62642pt x 233.34781pt.

Package Fancyhdr Warning: \headheight is too small (12.0pt): 
 Make it at least 25.19739pt.
 We now make it that large for the rest of the document.
 This may cause the page layout to be inconsistent, however.

[25 <./Images/PV/GMM/GMM_MeansVars_6_dim24.pdf>]
<Images/PV/HMM/MS6AR_6dimACP.pdf, id=658, 459.7175pt x 284.06125pt>
File: Images/PV/HMM/MS6AR_6dimACP.pdf Graphic file (type pdf)
<use Images/PV/HMM/MS6AR_6dimACP.pdf>
Package pdftex.def Info: Images/PV/HMM/MS6AR_6dimACP.pdf  used on input line 72
3.
(pdftex.def)             Requested size: 224.2141pt x 138.54538pt.
<Images/PV/HMM/MS6AR_24dimReco.pdf, id=659, 459.7175pt x 284.06125pt>
File: Images/PV/HMM/MS6AR_24dimReco.pdf Graphic file (type pdf)
<use Images/PV/HMM/MS6AR_24dimReco.pdf>
Package pdftex.def Info: Images/PV/HMM/MS6AR_24dimReco.pdf  used on input line 
730.
(pdftex.def)             Requested size: 224.2141pt x 138.54538pt.


LaTeX Warning: `h' float specifier changed to `ht'.


Overfull \hbox (0.4736pt too wide) in paragraph at lines 747--748
\T1/cmr/m/n/12 intéressant à noter. Tout d'abord, les régimes sont caractérisés
 par des valeurs non négligeables
 []


Overfull \hbox (11.9248pt too wide) in paragraph at lines 747--748
\T1/cmr/m/n/12 maximisation de la variance qu'elles expliquent. Les régimes, tr
ansformés dans l'espace d'origine,
 []


Package Fancyhdr Warning: \headheight is too small (12.0pt): 
 Make it at least 25.19739pt.
 We now make it that large for the rest of the document.
 This may cause the page layout to be inconsistent, however.

[26 <./Images/PV/ACP/ACP_DimSelect.pdf> <./Images/PV/ACP/ACP_PrincipalComp_6.pd
f>]
Overfull \hbox (13.4585pt too wide) in paragraph at lines 749--749
[][][][]\T1/cmr/m/n/12 Présenter 
 []


Overfull \hbox (3.76915pt too wide) in paragraph at lines 749--749
\T1/cmr/m/n/12 matrice 
 []


Overfull \hbox (14.9289pt too wide) in paragraph at lines 749--749
\T1/cmr/m/n/12 transition 
 []


Overfull \hbox (13.4585pt too wide) in paragraph at lines 749--749
[][][][]\T1/cmr/m/n/12 Présenter 
 []


Overfull \hbox (3.76915pt too wide) in paragraph at lines 749--749
\T1/cmr/m/n/12 matrice 
 []


Overfull \hbox (14.9289pt too wide) in paragraph at lines 749--749
\T1/cmr/m/n/12 transition 
 []

<Images/PV/HMM/Stats/SyntheticDataZoom.pdf, id=681, 525.965pt x 324.21124pt>
File: Images/PV/HMM/Stats/SyntheticDataZoom.pdf Graphic file (type pdf)
<use Images/PV/HMM/Stats/SyntheticDataZoom.pdf>
Package pdftex.def Info: Images/PV/HMM/Stats/SyntheticDataZoom.pdf  used on inp
ut line 757.
(pdftex.def)             Requested size: 224.2141pt x 138.21092pt.
<Images/PV/HMM/Stats/QQPlot.pdf, id=682, 525.965pt x 324.21124pt>
File: Images/PV/HMM/Stats/QQPlot.pdf Graphic file (type pdf)
<use Images/PV/HMM/Stats/QQPlot.pdf>
Package pdftex.def Info: Images/PV/HMM/Stats/QQPlot.pdf  used on input line 764
.
(pdftex.def)             Requested size: 224.2141pt x 138.21092pt.

LaTeX Warning: `h' float specifier changed to `ht'.


Overfull \hbox (11.43634pt too wide) in paragraph at lines 774--775
\T1/cmr/m/n/12 valeur caractérise la dynamique globale de la série considérée. 
On remarque une nette diminution
 []


Package Fancyhdr Warning: \headheight is too small (12.0pt): 
 Make it at least 25.19739pt.
 We now make it that large for the rest of the document.
 This may cause the page layout to be inconsistent, however.

[27 <./Images/PV/HMM/MS6AR_6dimACP.pdf> <./Images/PV/HMM/MS6AR_24dimReco.pdf>]
<Images/PV/HMM/Stats/MDO.pdf, id=708, 525.965pt x 324.21124pt>
File: Images/PV/HMM/Stats/MDO.pdf Graphic file (type pdf)
<use Images/PV/HMM/Stats/MDO.pdf>
Package pdftex.def Info: Images/PV/HMM/Stats/MDO.pdf  used on input line 779.
(pdftex.def)             Requested size: 224.2141pt x 138.21092pt.
<Images/PV/HMM/Stats/NU.pdf, id=709, 525.965pt x 324.21124pt>
File: Images/PV/HMM/Stats/NU.pdf Graphic file (type pdf)
<use Images/PV/HMM/Stats/NU.pdf>
Package pdftex.def Info: Images/PV/HMM/Stats/NU.pdf  used on input line 786.
(pdftex.def)             Requested size: 224.2141pt x 138.21092pt.

Overfull \hbox (3.04807pt too wide) in paragraph at lines 810--811
\T1/cmr/m/n/12 d'appartenance d'une journée à chacun des états cachés. Elles so
nt déterminées par l'utilisation
 []


Overfull \hbox (12.96785pt too wide) in paragraph at lines 810--811
\T1/cmr/m/n/12 de l'algorithme forward backward décrit dans []3.1.2[]. Des exem
ples de probabilités d'appartenance
 []


Package Fancyhdr Warning: \headheight is too small (12.0pt): 
 Make it at least 25.19739pt.
 We now make it that large for the rest of the document.
 This may cause the page layout to be inconsistent, however.

[28 <./Images/PV/HMM/Stats/SyntheticDataZoom.pdf> <./Images/PV/HMM/Stats/QQPlot
.pdf> <./Images/PV/HMM/Stats/MDO.pdf> <./Images/PV/HMM/Stats/NU.pdf>]
<Images/PV/HMM/HMM_ForwardProb_ACP_TrainDataset.pdf, id=740, 459.7175pt x 284.0
6125pt>
File: Images/PV/HMM/HMM_ForwardProb_ACP_TrainDataset.pdf Graphic file (type pdf
)
<use Images/PV/HMM/HMM_ForwardProb_ACP_TrainDataset.pdf>
Package pdftex.def Info: Images/PV/HMM/HMM_ForwardProb_ACP_TrainDataset.pdf  us
ed on input line 817.
(pdftex.def)             Requested size: 224.2141pt x 138.54538pt.
<Images/PV/HMM/HMM_ForwardProb_Reconstructed_TrainDataset.pdf, id=741, 459.7175
pt x 284.06125pt>
File: Images/PV/HMM/HMM_ForwardProb_Reconstructed_TrainDataset.pdf Graphic file
 (type pdf)
<use Images/PV/HMM/HMM_ForwardProb_Reconstructed_TrainDataset.pdf>
Package pdftex.def Info: Images/PV/HMM/HMM_ForwardProb_Reconstructed_TrainDatas
et.pdf  used on input line 825.
(pdftex.def)             Requested size: 224.2141pt x 138.54538pt.

Overfull \hbox (5.22096pt too wide) in paragraph at lines 815--830
 []  [] 
 []


Overfull \hbox (10.38426pt too wide) in paragraph at lines 838--839
[]\T1/cmr/m/n/12 A partir de ces probabilités d'appartenance, il est possible d
e faire de la prévision d'ensemble,
 []

<Images/PV/HMM/id175.pdf, id=745, 459.7175pt x 284.06125pt>
File: Images/PV/HMM/id175.pdf Graphic file (type pdf)
<use Images/PV/HMM/id175.pdf>
Package pdftex.def Info: Images/PV/HMM/id175.pdf  used on input line 845.
(pdftex.def)             Requested size: 224.2141pt x 138.54538pt.
<Images/PV/HMM/id187.pdf, id=746, 459.7175pt x 284.06125pt>
File: Images/PV/HMM/id187.pdf Graphic file (type pdf)
<use Images/PV/HMM/id187.pdf>
Package pdftex.def Info: Images/PV/HMM/id187.pdf  used on input line 851.
(pdftex.def)             Requested size: 224.2141pt x 138.54538pt.
<Images/PV/HMM/id27.pdf, id=747, 459.7175pt x 284.06125pt>
File: Images/PV/HMM/id27.pdf Graphic file (type pdf)
<use Images/PV/HMM/id27.pdf>
Package pdftex.def Info: Images/PV/HMM/id27.pdf  used on input line 858.
(pdftex.def)             Requested size: 224.2141pt x 138.54538pt.
<Images/PV/HMM/id41.pdf, id=748, 459.7175pt x 284.06125pt>
File: Images/PV/HMM/id41.pdf Graphic file (type pdf)
<use Images/PV/HMM/id41.pdf>
Package pdftex.def Info: Images/PV/HMM/id41.pdf  used on input line 864.
(pdftex.def)             Requested size: 224.2141pt x 138.54538pt.

Package Fancyhdr Warning: \headheight is too small (12.0pt): 
 Make it at least 25.19739pt.
 We now make it that large for the rest of the document.
 This may cause the page layout to be inconsistent, however.

[29 <./Images/PV/HMM/HMM_ForwardProb_ACP_TrainDataset.pdf> <./Images/PV/HMM/HMM
_ForwardProb_Reconstructed_TrainDataset.pdf>]
Overfull \hbox (9.11212pt too wide) in paragraph at lines 874--875
\T1/cmr/m/n/12 Par ailleurs, il est important de remarquer comment l'initialisa
tion, traduite par des probabilités
 []


Overfull \hbox (20.77pt too wide) in paragraph at lines 874--875
\T1/cmr/m/n/12 d'appartenance, influe le faisceau de scénarios générés. On cons
tate par exemple que l'initialisation
 []


Package Fancyhdr Warning: \headheight is too small (12.0pt): 
 Make it at least 25.19739pt.
 We now make it that large for the rest of the document.
 This may cause the page layout to be inconsistent, however.

[30 <./Images/PV/HMM/id175.pdf> <./Images/PV/HMM/id187.pdf> <./Images/PV/HMM/id
27.pdf> <./Images/PV/HMM/id41.pdf>]
Chapitre 6.

Overfull \hbox (11.76263pt too wide) in paragraph at lines 894--895
\T1/cmr/m/n/12 comportements non linéaires exhibés par a série temporelle. Ces 
comportements se manifestaient
 []


Package Fancyhdr Warning: \headheight is too small (12.0pt): 
 Make it at least 14.5pt.
 We now make it that large for the rest of the document.
 This may cause the page layout to be inconsistent, however.

[31

]

Package Fancyhdr Warning: \headheight is too small (12.0pt): 
 Make it at least 24.64995pt.
 We now make it that large for the rest of the document.
 This may cause the page layout to be inconsistent, however.

[32]
Chapitre 7.

Package Fancyhdr Warning: \headheight is too small (12.0pt): 
 Make it at least 14.5pt.
 We now make it that large for the rest of the document.
 This may cause the page layout to be inconsistent, however.

[33

]
Annexe A.

Overfull \hbox (38.02141pt too wide) in paragraph at lines 919--919
|\T1/cmr/bx/n/24.88 Première version de la publication concernant
 []

<Images/Eolien/modeling-wind-power.pdf, id=877, 597.50829pt x 845.0471pt>
File: Images/Eolien/modeling-wind-power.pdf Graphic file (type pdf)
<use Images/Eolien/modeling-wind-power.pdf>
Package pdftex.def Info: Images/Eolien/modeling-wind-power.pdf  used on input l
ine 921.
(pdftex.def)             Requested size: 597.50682pt x 845.04504pt.
File: Images/Eolien/modeling-wind-power.pdf Graphic file (type pdf)
<use Images/Eolien/modeling-wind-power.pdf>
Package pdftex.def Info: Images/Eolien/modeling-wind-power.pdf  used on input l
ine 921.
(pdftex.def)             Requested size: 597.50682pt x 845.04504pt.
<Images/Eolien/modeling-wind-power.pdf, id=880, page=1, 597.50829pt x 845.0471p
t>
File: Images/Eolien/modeling-wind-power.pdf Graphic file (type pdf)
<use Images/Eolien/modeling-wind-power.pdf, page 1>
Package pdftex.def Info: Images/Eolien/modeling-wind-power.pdf , page1 used on 
input line 921.
(pdftex.def)             Requested size: 597.50682pt x 845.04504pt.
File: Images/Eolien/modeling-wind-power.pdf Graphic file (type pdf)
<use Images/Eolien/modeling-wind-power.pdf, page 1>
Package pdftex.def Info: Images/Eolien/modeling-wind-power.pdf , page1 used on 
input line 921.
(pdftex.def)             Requested size: 562.12285pt x 795.00201pt.

Package Fancyhdr Warning: \headheight is too small (12.0pt): 
 Make it at least 14.5pt.
 We now make it that large for the rest of the document.
 This may cause the page layout to be inconsistent, however.

[34

]
File: Images/Eolien/modeling-wind-power.pdf Graphic file (type pdf)
<use Images/Eolien/modeling-wind-power.pdf, page 1>
Package pdftex.def Info: Images/Eolien/modeling-wind-power.pdf , page1 used on 
input line 921.
(pdftex.def)             Requested size: 562.12285pt x 795.00201pt.
File: Images/Eolien/modeling-wind-power.pdf Graphic file (type pdf)
<use Images/Eolien/modeling-wind-power.pdf, page 1>
Package pdftex.def Info: Images/Eolien/modeling-wind-power.pdf , page1 used on 
input line 921.
(pdftex.def)             Requested size: 562.12285pt x 795.00201pt.
File: Images/Eolien/modeling-wind-power.pdf Graphic file (type pdf)
<use Images/Eolien/modeling-wind-power.pdf, page 1>
Package pdftex.def Info: Images/Eolien/modeling-wind-power.pdf , page1 used on 
input line 921.
(pdftex.def)             Requested size: 562.12285pt x 795.00201pt.
 [35 <./Images/Eolien/modeling-wind-power.pdf>]
<Images/Eolien/modeling-wind-power.pdf, id=925, page=2, 597.50829pt x 845.0471p
t>
File: Images/Eolien/modeling-wind-power.pdf Graphic file (type pdf)
<use Images/Eolien/modeling-wind-power.pdf, page 2>
Package pdftex.def Info: Images/Eolien/modeling-wind-power.pdf , page2 used on 
input line 921.
(pdftex.def)             Requested size: 562.12285pt x 795.00201pt.
File: Images/Eolien/modeling-wind-power.pdf Graphic file (type pdf)
<use Images/Eolien/modeling-wind-power.pdf, page 2>
Package pdftex.def Info: Images/Eolien/modeling-wind-power.pdf , page2 used on 
input line 921.
(pdftex.def)             Requested size: 562.12285pt x 795.00201pt.
File: Images/Eolien/modeling-wind-power.pdf Graphic file (type pdf)
<use Images/Eolien/modeling-wind-power.pdf, page 2>
Package pdftex.def Info: Images/Eolien/modeling-wind-power.pdf , page2 used on 
input line 921.
(pdftex.def)             Requested size: 562.12285pt x 795.00201pt.
 [36 <./Images/Eolien/modeling-wind-power.pdf>]
<Images/Eolien/modeling-wind-power.pdf, id=999, page=3, 597.50829pt x 845.0471p
t>
File: Images/Eolien/modeling-wind-power.pdf Graphic file (type pdf)
<use Images/Eolien/modeling-wind-power.pdf, page 3>
Package pdftex.def Info: Images/Eolien/modeling-wind-power.pdf , page3 used on 
input line 921.
(pdftex.def)             Requested size: 562.12285pt x 795.00201pt.
File: Images/Eolien/modeling-wind-power.pdf Graphic file (type pdf)
<use Images/Eolien/modeling-wind-power.pdf, page 3>
Package pdftex.def Info: Images/Eolien/modeling-wind-power.pdf , page3 used on 
input line 921.
(pdftex.def)             Requested size: 562.12285pt x 795.00201pt.
File: Images/Eolien/modeling-wind-power.pdf Graphic file (type pdf)
<use Images/Eolien/modeling-wind-power.pdf, page 3>
Package pdftex.def Info: Images/Eolien/modeling-wind-power.pdf , page3 used on 
input line 921.
(pdftex.def)             Requested size: 562.12285pt x 795.00201pt.
 [37 <./Images/Eolien/modeling-wind-power.pdf>]
<Images/Eolien/modeling-wind-power.pdf, id=1022, page=4, 597.50829pt x 845.0471
pt>
File: Images/Eolien/modeling-wind-power.pdf Graphic file (type pdf)
<use Images/Eolien/modeling-wind-power.pdf, page 4>
Package pdftex.def Info: Images/Eolien/modeling-wind-power.pdf , page4 used on 
input line 921.
(pdftex.def)             Requested size: 562.12285pt x 795.00201pt.
File: Images/Eolien/modeling-wind-power.pdf Graphic file (type pdf)
<use Images/Eolien/modeling-wind-power.pdf, page 4>
Package pdftex.def Info: Images/Eolien/modeling-wind-power.pdf , page4 used on 
input line 921.
(pdftex.def)             Requested size: 562.12285pt x 795.00201pt.
File: Images/Eolien/modeling-wind-power.pdf Graphic file (type pdf)
<use Images/Eolien/modeling-wind-power.pdf, page 4>
Package pdftex.def Info: Images/Eolien/modeling-wind-power.pdf , page4 used on 
input line 921.
(pdftex.def)             Requested size: 562.12285pt x 795.00201pt.
 [38 <./Images/Eolien/modeling-wind-power.pdf>]
<Images/Eolien/modeling-wind-power.pdf, id=1064, page=5, 597.50829pt x 845.0471
pt>
File: Images/Eolien/modeling-wind-power.pdf Graphic file (type pdf)
<use Images/Eolien/modeling-wind-power.pdf, page 5>
Package pdftex.def Info: Images/Eolien/modeling-wind-power.pdf , page5 used on 
input line 921.
(pdftex.def)             Requested size: 562.12285pt x 795.00201pt.
File: Images/Eolien/modeling-wind-power.pdf Graphic file (type pdf)
<use Images/Eolien/modeling-wind-power.pdf, page 5>
Package pdftex.def Info: Images/Eolien/modeling-wind-power.pdf , page5 used on 
input line 921.
(pdftex.def)             Requested size: 562.12285pt x 795.00201pt.
File: Images/Eolien/modeling-wind-power.pdf Graphic file (type pdf)
<use Images/Eolien/modeling-wind-power.pdf, page 5>
Package pdftex.def Info: Images/Eolien/modeling-wind-power.pdf , page5 used on 
input line 921.
(pdftex.def)             Requested size: 562.12285pt x 795.00201pt.
 [39 <./Images/Eolien/modeling-wind-power.pdf>]
<Images/Eolien/modeling-wind-power.pdf, id=1109, page=6, 597.50829pt x 845.0471
pt>
File: Images/Eolien/modeling-wind-power.pdf Graphic file (type pdf)
<use Images/Eolien/modeling-wind-power.pdf, page 6>
Package pdftex.def Info: Images/Eolien/modeling-wind-power.pdf , page6 used on 
input line 921.
(pdftex.def)             Requested size: 562.12285pt x 795.00201pt.
File: Images/Eolien/modeling-wind-power.pdf Graphic file (type pdf)
<use Images/Eolien/modeling-wind-power.pdf, page 6>
Package pdftex.def Info: Images/Eolien/modeling-wind-power.pdf , page6 used on 
input line 921.
(pdftex.def)             Requested size: 562.12285pt x 795.00201pt.
File: Images/Eolien/modeling-wind-power.pdf Graphic file (type pdf)
<use Images/Eolien/modeling-wind-power.pdf, page 6>
Package pdftex.def Info: Images/Eolien/modeling-wind-power.pdf , page6 used on 
input line 921.
(pdftex.def)             Requested size: 562.12285pt x 795.00201pt.
 [40 <./Images/Eolien/modeling-wind-power.pdf>]
<Images/Eolien/modeling-wind-power.pdf, id=1114, page=7, 597.50829pt x 845.0471
pt>
File: Images/Eolien/modeling-wind-power.pdf Graphic file (type pdf)
<use Images/Eolien/modeling-wind-power.pdf, page 7>
Package pdftex.def Info: Images/Eolien/modeling-wind-power.pdf , page7 used on 
input line 921.
(pdftex.def)             Requested size: 562.12285pt x 795.00201pt.
File: Images/Eolien/modeling-wind-power.pdf Graphic file (type pdf)
<use Images/Eolien/modeling-wind-power.pdf, page 7>
Package pdftex.def Info: Images/Eolien/modeling-wind-power.pdf , page7 used on 
input line 921.
(pdftex.def)             Requested size: 562.12285pt x 795.00201pt.
File: Images/Eolien/modeling-wind-power.pdf Graphic file (type pdf)
<use Images/Eolien/modeling-wind-power.pdf, page 7>
Package pdftex.def Info: Images/Eolien/modeling-wind-power.pdf , page7 used on 
input line 921.
(pdftex.def)             Requested size: 562.12285pt x 795.00201pt.
 [41 <./Images/Eolien/modeling-wind-power.pdf>]
<Images/Eolien/modeling-wind-power.pdf, id=1136, page=8, 597.50829pt x 845.0471
pt>
File: Images/Eolien/modeling-wind-power.pdf Graphic file (type pdf)
<use Images/Eolien/modeling-wind-power.pdf, page 8>
Package pdftex.def Info: Images/Eolien/modeling-wind-power.pdf , page8 used on 
input line 921.
(pdftex.def)             Requested size: 562.12285pt x 795.00201pt.
File: Images/Eolien/modeling-wind-power.pdf Graphic file (type pdf)
<use Images/Eolien/modeling-wind-power.pdf, page 8>
Package pdftex.def Info: Images/Eolien/modeling-wind-power.pdf , page8 used on 
input line 921.
(pdftex.def)             Requested size: 562.12285pt x 795.00201pt.
File: Images/Eolien/modeling-wind-power.pdf Graphic file (type pdf)
<use Images/Eolien/modeling-wind-power.pdf, page 8>
Package pdftex.def Info: Images/Eolien/modeling-wind-power.pdf , page8 used on 
input line 921.
(pdftex.def)             Requested size: 562.12285pt x 795.00201pt.
 [42 <./Images/Eolien/modeling-wind-power.pdf>]
<Images/Eolien/modeling-wind-power.pdf, id=1195, page=9, 597.50829pt x 845.0471
pt>
File: Images/Eolien/modeling-wind-power.pdf Graphic file (type pdf)
<use Images/Eolien/modeling-wind-power.pdf, page 9>
Package pdftex.def Info: Images/Eolien/modeling-wind-power.pdf , page9 used on 
input line 921.
(pdftex.def)             Requested size: 562.12285pt x 795.00201pt.
File: Images/Eolien/modeling-wind-power.pdf Graphic file (type pdf)
<use Images/Eolien/modeling-wind-power.pdf, page 9>
Package pdftex.def Info: Images/Eolien/modeling-wind-power.pdf , page9 used on 
input line 921.
(pdftex.def)             Requested size: 562.12285pt x 795.00201pt.
File: Images/Eolien/modeling-wind-power.pdf Graphic file (type pdf)
<use Images/Eolien/modeling-wind-power.pdf, page 9>
Package pdftex.def Info: Images/Eolien/modeling-wind-power.pdf , page9 used on 
input line 921.
(pdftex.def)             Requested size: 562.12285pt x 795.00201pt.
 [43 <./Images/Eolien/modeling-wind-power.pdf>]
<Images/Eolien/modeling-wind-power.pdf, id=1210, page=10, 597.50829pt x 845.047
1pt>
File: Images/Eolien/modeling-wind-power.pdf Graphic file (type pdf)
<use Images/Eolien/modeling-wind-power.pdf, page 10>
Package pdftex.def Info: Images/Eolien/modeling-wind-power.pdf , page10 used on
 input line 921.
(pdftex.def)             Requested size: 562.12285pt x 795.00201pt.
File: Images/Eolien/modeling-wind-power.pdf Graphic file (type pdf)
<use Images/Eolien/modeling-wind-power.pdf, page 10>
Package pdftex.def Info: Images/Eolien/modeling-wind-power.pdf , page10 used on
 input line 921.
(pdftex.def)             Requested size: 562.12285pt x 795.00201pt.
File: Images/Eolien/modeling-wind-power.pdf Graphic file (type pdf)
<use Images/Eolien/modeling-wind-power.pdf, page 10>
Package pdftex.def Info: Images/Eolien/modeling-wind-power.pdf , page10 used on
 input line 921.
(pdftex.def)             Requested size: 562.12285pt x 795.00201pt.
 [44 <./Images/Eolien/modeling-wind-power.pdf>]
<Images/Eolien/modeling-wind-power.pdf, id=1215, page=11, 597.50829pt x 845.047
1pt>
File: Images/Eolien/modeling-wind-power.pdf Graphic file (type pdf)
<use Images/Eolien/modeling-wind-power.pdf, page 11>
Package pdftex.def Info: Images/Eolien/modeling-wind-power.pdf , page11 used on
 input line 921.
(pdftex.def)             Requested size: 562.12285pt x 795.00201pt.
File: Images/Eolien/modeling-wind-power.pdf Graphic file (type pdf)
<use Images/Eolien/modeling-wind-power.pdf, page 11>
Package pdftex.def Info: Images/Eolien/modeling-wind-power.pdf , page11 used on
 input line 921.
(pdftex.def)             Requested size: 562.12285pt x 795.00201pt.
File: Images/Eolien/modeling-wind-power.pdf Graphic file (type pdf)
<use Images/Eolien/modeling-wind-power.pdf, page 11>
Package pdftex.def Info: Images/Eolien/modeling-wind-power.pdf , page11 used on
 input line 921.
(pdftex.def)             Requested size: 562.12285pt x 795.00201pt.
[45 <./Images/Eolien/modeling-wind-power.pdf>] (Rapport_Stage_ENS.bbl
** WARNING: IEEEtran.bst: No hyphenation pattern has been
** loaded for the language `en'. Using the pattern for
** the default language instead.
** WARNING: IEEEtran.bst: No hyphenation pattern has been
** loaded for the language `en'. Using the pattern for
** the default language instead.
** WARNING: IEEEtran.bst: No hyphenation pattern has been
** loaded for the language `en'. Using the pattern for
** the default language instead.
** WARNING: IEEEtran.bst: No hyphenation pattern has been
** loaded for the language `en'. Using the pattern for
** the default language instead.
** WARNING: IEEEtran.bst: No hyphenation pattern has been
** loaded for the language `en'. Using the pattern for
** the default language instead.
** WARNING: IEEEtran.bst: No hyphenation pattern has been
** loaded for the language `en'. Using the pattern for
** the default language instead.
** WARNING: IEEEtran.bst: No hyphenation pattern has been
** loaded for the language `en'. Using the pattern for
** the default language instead.
)

Package Fancyhdr Warning: \headheight is too small (12.0pt): 
 Make it at least 14.5pt.
 We now make it that large for the rest of the document.
 This may cause the page layout to be inconsistent, however.

[46

]
Package atveryend Info: Empty hook `BeforeClearDocument' on input line 926.
Package atveryend Info: Empty hook `AfterLastShipout' on input line 926.
 (Rapport_Stage_ENS.aux)
Package atveryend Info: Executing hook `AtVeryEndDocument' on input line 926.
Package atveryend Info: Executing hook `AtEndAfterFileList' on input line 926.
Package rerunfilecheck Info: File `Rapport_Stage_ENS.out' has not changed.
(rerunfilecheck)             Checksum: C45FC06812C1CBEB4B341ED174DDC1F1;2317.


LaTeX Font Warning: Size substitutions with differences
(Font)              up to 24.17pt have occurred.


LaTeX Warning: There were undefined references.

Package atveryend Info: Empty hook `AtVeryVeryEnd' on input line 926.
 ) 
Here is how much of TeX's memory you used:
 25358 strings out of 494891
 470793 string characters out of 3178733
 601800 words of memory out of 3000000
 28297 multiletter control sequences out of 15000+200000
 33213 words of font info for 94 fonts, out of 3000000 for 9000
 0 hyphenation exceptions out of 8191
 64i,18n,77p,2079b,715s stack positions out of 5000i,500n,10000p,200000b,50000s
 </home/enzo/.miktex/texmfs/data/fonts/pk/ljfour/jknappen/ec/dpi600/ectt1200.
pk> </home/enzo/.miktex/texmfs/data/fonts/pk/ljfour/jknappen/ec/dpi600/ecbx1440
.pk> </home/enzo/.miktex/texmfs/data/fonts/pk/ljfour/jknappen/ec/dpi600/ectt100
0.pk> </home/enzo/.miktex/texmfs/data/fonts/pk/ljfour/jknappen/ec/dpi600/ecrm10
00.pk> </home/enzo/.miktex/texmfs/data/fonts/pk/ljfour/jknappen/ec/dpi600/ecrm1
095.pk> </home/enzo/.miktex/texmfs/data/fonts/pk/ljfour/jknappen/ec/dpi600/ecrm
0800.pk> </home/enzo/.miktex/texmfs/data/fonts/pk/ljfour/jknappen/ec/dpi600/ecc
c1200.pk> </home/enzo/.miktex/texmfs/data/fonts/pk/ljfour/jknappen/ec/dpi600/ec
ti1200.pk> </home/enzo/.miktex/texmfs/data/fonts/pk/ljfour/jknappen/ec/dpi600/e
cbx3583.pk> </home/enzo/.miktex/texmfs/data/fonts/pk/ljfour/jknappen/ec/dpi600/
ecbx1728.pk> </home/enzo/.miktex/texmfs/data/fonts/pk/ljfour/jknappen/ec/dpi600
/ecrm1200.pk> </home/enzo/.miktex/texmfs/data/fonts/pk/ljfour/jknappen/ec/dpi60
0/ecbx1200.pk> </home/enzo/.miktex/texmfs/data/fonts/pk/ljfour/jknappen/ec/dpi6
00/ecbx2488.pk> </home/enzo/.miktex/texmfs/data/fonts/pk/ljfour/jknappen/ec/dpi
600/ecrm1440.pk> </home/enzo/.miktex/texmfs/data/fonts/pk/ljfour/jknappen/ec/dp
i600/ecrm2074.pk></home/enzo/.miktex/texmfs/install/fonts/type1/public/amsfonts
/cm/cmbsy10.pfb></home/enzo/.miktex/texmfs/install/fonts/type1/public/amsfonts/
cm/cmbx12.pfb></home/enzo/.miktex/texmfs/install/fonts/type1/public/amsfonts/cm
/cmex10.pfb></home/enzo/.miktex/texmfs/install/fonts/type1/public/amsfonts/cmex
tra/cmex8.pfb></home/enzo/.miktex/texmfs/install/fonts/type1/public/amsfonts/cm
/cmmi10.pfb></home/enzo/.miktex/texmfs/install/fonts/type1/public/amsfonts/cm/c
mmi12.pfb></home/enzo/.miktex/texmfs/install/fonts/type1/public/amsfonts/cm/cmm
i5.pfb></home/enzo/.miktex/texmfs/install/fonts/type1/public/amsfonts/cm/cmmi6.
pfb></home/enzo/.miktex/texmfs/install/fonts/type1/public/amsfonts/cm/cmmi7.pfb
></home/enzo/.miktex/texmfs/install/fonts/type1/public/amsfonts/cm/cmmi8.pfb></
home/enzo/.miktex/texmfs/install/fonts/type1/public/amsfonts/cm/cmmib10.pfb></h
ome/enzo/.miktex/texmfs/install/fonts/type1/public/amsfonts/cmextra/cmmib8.pfb>
</home/enzo/.miktex/texmfs/install/fonts/type1/public/amsfonts/cm/cmr10.pfb></h
ome/enzo/.miktex/texmfs/install/fonts/type1/public/amsfonts/cm/cmr12.pfb></home
/enzo/.miktex/texmfs/install/fonts/type1/public/amsfonts/cm/cmr6.pfb></home/enz
o/.miktex/texmfs/install/fonts/type1/public/amsfonts/cm/cmr7.pfb></home/enzo/.m
iktex/texmfs/install/fonts/type1/public/amsfonts/cm/cmr8.pfb></home/enzo/.mikte
x/texmfs/install/fonts/type1/public/amsfonts/cm/cmsy10.pfb></home/enzo/.miktex/
texmfs/install/fonts/type1/public/amsfonts/cm/cmsy6.pfb></home/enzo/.miktex/tex
mfs/install/fonts/type1/public/amsfonts/cm/cmsy7.pfb></home/enzo/.miktex/texmfs
/install/fonts/type1/public/amsfonts/cm/cmsy8.pfb></home/enzo/.miktex/texmfs/in
stall/fonts/type1/public/amsfonts/symbols/msbm10.pfb></home/enzo/.miktex/texmfs
/install/fonts/type1/public/tex-gyre/qhvr.pfb></home/enzo/.miktex/texmfs/instal
l/fonts/type1/urw/times/utmb8a.pfb></home/enzo/.miktex/texmfs/install/fonts/typ
e1/urw/times/utmbi8a.pfb></home/enzo/.miktex/texmfs/install/fonts/type1/urw/tim
es/utmr8a.pfb></home/enzo/.miktex/texmfs/install/fonts/type1/urw/times/utmri8a.
pfb>
Output written on Rapport_Stage_ENS.pdf (47 pages, 4895909 bytes).
PDF statistics:
 1850 PDF objects out of 2073 (max. 8388607)
 152 named destinations out of 1000 (max. 500000)
 551 words of extra memory for PDF output out of 10000 (max. 10000000)

