\BOOKMARK [0][-]{chapter.1}{Introduction}{}% 1
\BOOKMARK [1][-]{section.1.1}{Pr\351sentation du Laboratoire}{chapter.1}% 2
\BOOKMARK [1][-]{section.1.2}{Contexte}{chapter.1}% 3
\BOOKMARK [0][-]{chapter.2}{Pr\351sentation des donn\351es}{}% 4
\BOOKMARK [1][-]{section.2.1}{Production \311olienne}{chapter.2}% 5
\BOOKMARK [1][-]{section.2.2}{Production Photovolta\357ques}{chapter.2}% 6
\BOOKMARK [0][-]{chapter.3}{Mod\350les et m\351triques}{}% 7
\BOOKMARK [1][-]{section.3.1}{Mod\350les de Markov cach\351s}{chapter.3}% 8
\BOOKMARK [2][-]{subsection.3.1.1}{Cha\356ne de Markov}{section.3.1}% 9
\BOOKMARK [2][-]{subsection.3.1.2}{Mod\350le de Markov cach\351s}{section.3.1}% 10
\BOOKMARK [2][-]{subsection.3.1.3}{Mod\350les Markov Switching Auto-Regressive}{section.3.1}% 11
\BOOKMARK [1][-]{section.3.2}{Mod\350les GARCH}{chapter.3}% 12
\BOOKMARK [1][-]{section.3.3}{K-moyennes \(Kmeans\)}{chapter.3}% 13
\BOOKMARK [1][-]{section.3.4}{Mod\350le de m\351lange gaussien \(GMM\)}{chapter.3}% 14
\BOOKMARK [1][-]{section.3.5}{Analyse par Composante Principale}{chapter.3}% 15
\BOOKMARK [1][-]{section.3.6}{M\351triques}{chapter.3}% 16
\BOOKMARK [2][-]{subsection.3.6.1}{BIC}{section.3.6}% 17
\BOOKMARK [2][-]{subsection.3.6.2}{Erreur moyenne absolue \(MAE\)}{section.3.6}% 18
\BOOKMARK [2][-]{subsection.3.6.3}{Erreur quadratique moyenne \(RMSE\)}{section.3.6}% 19
\BOOKMARK [2][-]{subsection.3.6.4}{Erreur moyenne \(BIAS\)}{section.3.6}% 20
\BOOKMARK [0][-]{chapter.4}{Erreurs de pr\351vision \351olienne}{}% 21
\BOOKMARK [0][-]{chapter.5}{Erreurs de pr\351vision photovolta\357que}{}% 22
\BOOKMARK [1][-]{section.5.1}{M\351thode des plus proches voisins}{chapter.5}% 23
\BOOKMARK [1][-]{section.5.2}{R\351sulats avec un GMM}{chapter.5}% 24
\BOOKMARK [1][-]{section.5.3}{R\351sultats avec un HMM}{chapter.5}% 25
\BOOKMARK [2][-]{subsection.5.3.1}{D\351termination du mod\350le}{section.5.3}% 26
\BOOKMARK [2][-]{subsection.5.3.2}{Caract\351risation statistique du mod\350le}{section.5.3}% 27
\BOOKMARK [2][-]{subsection.5.3.3}{Applications du mod\350le}{section.5.3}% 28
\BOOKMARK [0][-]{chapter.6}{Conclusion et perspectives}{}% 29
\BOOKMARK [0][-]{chapter.7}{Retour sur exp\351rience}{}% 30
\BOOKMARK [0][-]{appendix.A}{Premi\350re version de la publication concernant les erreurs de pr\351visions \351oliennes}{}% 31
\BOOKMARK [0][-]{appendix.B}{Description des algorithmes permettant la r\351solution des 3 grands probl\350mes li\351s aux HMM}{}% 32
\BOOKMARK [1][-]{section.B.1}{Recherche de la s\351quence la plus probable}{appendix.B}% 33
